SF:lib/features/settings/data/shared_preferences_locale_repository.dart
DA:7,1
DA:13,2
DA:14,2
DA:15,0
DA:17,1
DA:18,1
DA:20,1
DA:21,1
DA:22,1
DA:23,1
DA:25,1
DA:28,1
DA:29,1
DA:31,1
DA:32,1
DA:34,1
DA:37,2
DA:39,1
LF:18
LH:17
end_of_record
SF:lib/features/settings/domain/app_locale.dart
DA:12,5
DA:14,4
DA:15,6
DA:16,2
DA:19,3
DA:20,3
DA:23,3
DA:24,3
DA:25,6
DA:26,6
DA:28,6
DA:29,0
DA:31,9
LF:13
LH:12
end_of_record
SF:lib/l10n/app_localizations_ar.dart
DA:9,6
DA:11,0
DA:14,0
DA:17,0
DA:19,0
DA:22,0
DA:25,0
DA:28,1
DA:31,0
DA:34,0
DA:37,0
DA:40,0
DA:43,0
DA:46,0
DA:49,0
DA:52,0
DA:55,0
DA:58,0
DA:62,0
DA:65,0
DA:68,0
DA:72,0
DA:75,0
DA:78,0
DA:81,0
DA:85,0
DA:88,0
DA:91,0
DA:94,0
DA:97,0
DA:100,0
DA:103,0
DA:106,0
DA:109,0
DA:112,0
DA:114,0
DA:117,0
DA:119,0
DA:122,0
DA:125,0
DA:128,0
DA:131,0
DA:134,0
DA:136,0
DA:139,0
DA:141,0
DA:144,0
DA:147,0
DA:150,0
DA:153,0
DA:156,0
DA:159,0
DA:162,0
DA:165,0
DA:168,0
DA:171,0
DA:174,0
DA:177,0
DA:180,0
DA:183,0
DA:186,0
DA:189,0
DA:192,0
DA:195,0
DA:198,0
DA:201,0
DA:204,0
DA:207,0
DA:210,0
DA:214,0
DA:217,0
DA:220,0
DA:223,0
DA:226,0
DA:229,0
DA:233,0
DA:236,0
DA:239,0
DA:242,0
DA:245,0
DA:248,0
DA:251,0
DA:253,0
DA:256,0
DA:259,0
DA:262,0
DA:265,0
DA:268,0
DA:272,0
DA:275,0
DA:278,0
DA:281,0
DA:284,0
DA:287,0
DA:290,0
DA:293,0
DA:296,0
DA:299,0
DA:302,0
DA:305,0
DA:308,0
DA:311,0
DA:314,0
DA:317,0
DA:320,0
DA:323,0
DA:326,0
DA:329,0
DA:332,0
DA:335,0
DA:338,0
DA:341,0
DA:344,0
DA:347,0
DA:350,0
DA:353,0
DA:357,0
DA:360,0
DA:364,0
DA:366,0
DA:369,0
DA:371,0
DA:374,0
DA:376,0
DA:379,0
DA:381,0
DA:384,0
DA:386,0
DA:389,0
DA:392,0
DA:395,0
DA:399,0
DA:403,0
DA:407,0
DA:411,0
DA:415,0
DA:419,0
DA:423,0
DA:427,0
DA:431,0
DA:436,0
DA:439,0
DA:441,0
DA:444,0
DA:446,0
DA:449,0
DA:452,0
DA:455,0
DA:458,0
DA:461,0
DA:464,0
DA:467,0
DA:470,0
DA:473,0
DA:476,0
DA:479,0
DA:482,0
DA:485,0
DA:488,0
DA:491,0
DA:494,0
DA:497,0
DA:501,0
DA:505,0
DA:508,0
DA:512,0
DA:515,0
DA:519,0
DA:522,0
DA:526,0
DA:530,0
DA:534,0
DA:538,0
DA:542,0
DA:546,0
DA:549,0
DA:553,0
DA:556,0
DA:559,0
DA:562,0
DA:566,0
DA:569,0
DA:572,0
DA:575,0
DA:578,0
DA:581,0
DA:584,0
DA:587,0
DA:590,0
DA:593,0
DA:596,0
DA:599,0
DA:603,0
DA:606,0
DA:609,0
DA:612,0
DA:615,0
DA:618,0
DA:621,0
DA:624,0
DA:627,0
DA:630,0
DA:633,0
DA:636,0
DA:639,0
DA:642,0
DA:645,0
DA:648,0
DA:651,0
DA:654,0
DA:656,0
DA:659,0
DA:662,0
DA:665,0
DA:669,0
DA:673,0
DA:676,0
DA:679,0
DA:683,0
DA:686,0
DA:690,0
DA:693,0
DA:696,0
DA:699,0
DA:702,0
DA:705,0
DA:709,0
DA:712,0
DA:715,0
DA:718,0
DA:721,0
DA:724,0
DA:728,0
DA:731,0
DA:734,0
DA:737,0
DA:740,0
DA:744,0
DA:747,0
DA:750,0
DA:753,0
DA:756,0
DA:759,0
DA:763,0
DA:767,0
DA:771,0
DA:774,0
DA:778,0
DA:782,0
DA:786,0
DA:790,0
DA:794,0
DA:797,0
DA:801,0
DA:805,0
DA:809,0
DA:813,0
DA:816,0
DA:820,0
DA:822,0
DA:825,0
DA:828,0
DA:831,0
DA:834,0
DA:837,0
DA:840,0
DA:843,0
DA:846,0
DA:849,0
DA:852,0
DA:855,0
DA:858,0
DA:861,0
DA:864,0
DA:867,0
DA:870,0
DA:873,0
DA:876,0
DA:879,0
DA:882,0
DA:885,0
DA:889,0
DA:891,0
DA:894,0
DA:897,0
DA:901,0
DA:905,0
DA:909,0
DA:913,0
DA:916,0
DA:920,0
DA:923,0
DA:926,0
DA:929,0
DA:932,0
DA:935,0
DA:938,0
DA:941,0
DA:944,0
DA:947,0
DA:950,0
DA:954,0
DA:958,0
DA:961,0
DA:964,0
DA:967,0
DA:969,0
DA:972,0
DA:974,0
DA:977,0
DA:980,0
DA:984,0
DA:987,0
DA:990,0
DA:993,0
DA:996,0
DA:999,0
DA:1002,0
DA:1005,0
DA:1008,0
DA:1011,0
DA:1014,0
DA:1017,0
DA:1020,0
DA:1023,0
DA:1026,0
DA:1029,0
DA:1033,0
DA:1036,0
DA:1039,0
DA:1043,0
DA:1047,0
DA:1051,0
DA:1055,0
DA:1058,0
DA:1061,0
DA:1064,0
DA:1067,0
DA:1070,0
DA:1073,0
DA:1076,0
DA:1079,0
DA:1083,0
DA:1086,0
DA:1090,0
DA:1094,0
DA:1098,0
DA:1101,0
DA:1104,0
DA:1108,0
DA:1111,0
DA:1114,0
DA:1117,0
DA:1120,0
DA:1123,0
DA:1126,0
DA:1129,0
DA:1132,0
DA:1135,0
DA:1138,0
DA:1141,0
DA:1145,0
DA:1149,0
DA:1153,0
DA:1157,0
DA:1161,0
DA:1165,0
DA:1169,0
DA:1173,0
DA:1177,0
DA:1181,0
DA:1184,0
DA:1188,0
DA:1191,0
DA:1195,0
DA:1198,0
DA:1202,0
DA:1205,0
DA:1209,0
DA:1212,0
DA:1215,0
DA:1219,0
DA:1223,0
DA:1227,0
DA:1231,0
DA:1235,0
DA:1238,0
DA:1242,0
DA:1245,0
DA:1249,0
DA:1252,0
DA:1254,0
DA:1257,0
DA:1260,0
DA:1264,0
DA:1268,0
DA:1271,0
DA:1275,0
DA:1278,0
DA:1281,0
DA:1285,0
DA:1288,0
DA:1291,0
DA:1294,0
DA:1297,0
DA:1300,0
DA:1304,0
DA:1307,0
DA:1310,0
DA:1313,0
DA:1316,0
DA:1319,0
DA:1322,0
DA:1325,0
DA:1327,0
DA:1330,0
DA:1333,0
DA:1335,0
DA:1338,0
DA:1342,0
DA:1346,0
DA:1348,0
DA:1351,0
DA:1354,0
DA:1358,0
DA:1361,0
DA:1364,0
DA:1367,0
DA:1370,0
DA:1372,0
DA:1375,0
DA:1377,0
DA:1380,0
DA:1382,0
DA:1385,0
DA:1388,0
DA:1392,0
DA:1395,0
DA:1398,0
DA:1401,0
DA:1404,0
DA:1408,0
DA:1411,0
DA:1414,0
DA:1417,0
DA:1420,0
DA:1423,0
DA:1427,0
DA:1431,0
DA:1434,0
DA:1436,0
DA:1438,0
DA:1446,0
DA:1449,0
DA:1452,0
DA:1454,0
DA:1456,0
DA:1464,0
DA:1467,0
DA:1470,0
DA:1472,0
DA:1474,0
DA:1482,0
DA:1485,0
DA:1488,0
DA:1492,0
DA:1495,0
DA:1499,0
DA:1502,0
DA:1504,0
DA:1507,0
DA:1509,0
DA:1512,0
DA:1515,0
DA:1518,0
DA:1521,0
DA:1523,0
DA:1526,0
DA:1529,0
DA:1532,0
DA:1535,0
DA:1538,0
DA:1541,0
DA:1544,0
DA:1547,0
DA:1550,0
DA:1553,0
DA:1556,0
DA:1559,0
DA:1562,0
DA:1565,0
DA:1568,0
DA:1571,0
DA:1574,0
DA:1577,0
DA:1580,0
DA:1583,0
DA:1586,0
DA:1589,0
DA:1592,0
DA:1595,0
DA:1598,0
DA:1601,0
DA:1604,0
DA:1607,0
DA:1610,0
DA:1613,0
DA:1616,0
DA:1619,0
DA:1622,0
DA:1625,0
DA:1628,0
DA:1631,0
DA:1634,0
DA:1636,0
DA:1639,0
DA:1642,0
DA:1645,0
DA:1648,0
DA:1651,0
DA:1654,0
DA:1657,0
DA:1660,0
DA:1663,0
DA:1666,0
DA:1669,0
DA:1672,0
DA:1675,0
DA:1678,0
DA:1681,0
DA:1684,0
DA:1687,0
DA:1690,0
DA:1693,0
DA:1696,0
DA:1699,0
DA:1702,0
DA:1705,0
DA:1708,0
DA:1711,0
DA:1713,0
DA:1715,0
DA:1716,0
DA:1717,0
DA:1718,0
DA:1723,0
DA:1726,0
DA:1729,0
DA:1732,0
DA:1734,0
DA:1737,0
DA:1740,0
DA:1743,0
DA:1746,0
DA:1749,0
DA:1752,0
DA:1755,0
DA:1758,0
DA:1761,0
DA:1764,0
DA:1767,0
DA:1771,0
DA:1773,0
DA:1775,0
DA:1776,0
DA:1777,0
DA:1778,0
DA:1783,0
DA:1786,0
DA:1789,0
DA:1792,0
DA:1795,0
DA:1798,0
DA:1801,0
DA:1804,0
DA:1807,0
DA:1811,0
DA:1814,0
DA:1817,0
DA:1821,0
DA:1825,0
DA:1828,0
DA:1831,0
DA:1834,0
DA:1837,0
DA:1840,0
DA:1843,0
DA:1846,0
DA:1848,0
DA:1850,0
DA:1851,0
DA:1852,0
DA:1853,0
DA:1858,0
DA:1861,0
DA:1864,0
DA:1867,0
DA:1870,0
DA:1873,0
DA:1876,0
DA:1880,0
DA:1883,0
DA:1886,0
DA:1889,0
DA:1892,0
DA:1895,0
DA:1898,0
DA:1901,0
DA:1904,0
DA:1908,0
DA:1911,0
DA:1914,0
DA:1917,0
DA:1920,0
DA:1923,0
DA:1926,0
DA:1929,0
DA:1932,0
DA:1935,0
DA:1938,0
DA:1941,0
DA:1944,0
DA:1947,0
DA:1950,0
DA:1953,0
DA:1956,0
DA:1959,0
DA:1961,0
DA:1964,0
DA:1967,0
DA:1970,0
DA:1973,0
DA:1976,0
DA:1979,0
DA:1982,0
DA:1985,0
DA:1988,0
DA:1991,0
DA:1994,0
DA:1997,0
DA:2000,0
DA:2003,0
DA:2006,0
DA:2009,0
DA:2012,0
DA:2015,0
DA:2018,0
DA:2021,0
DA:2024,0
DA:2027,0
DA:2030,0
DA:2034,0
DA:2037,0
DA:2041,0
DA:2044,0
DA:2047,0
DA:2051,0
DA:2054,0
DA:2058,0
DA:2062,0
DA:2066,0
DA:2069,0
DA:2072,0
DA:2075,0
DA:2078,0
DA:2081,0
DA:2084,0
DA:2087,0
DA:2090,0
DA:2093,0
DA:2096,0
DA:2099,0
DA:2102,0
DA:2105,0
DA:2109,0
DA:2112,0
DA:2115,0
DA:2118,0
DA:2121,0
DA:2124,0
DA:2127,0
DA:2130,0
DA:2133,0
DA:2136,0
DA:2139,0
DA:2142,0
DA:2145,0
DA:2148,0
DA:2151,0
DA:2154,0
DA:2157,0
DA:2160,0
DA:2163,0
DA:2166,0
DA:2169,0
DA:2172,0
DA:2175,0
DA:2178,0
DA:2181,0
DA:2184,0
DA:2187,0
DA:2190,0
DA:2193,0
DA:2197,0
DA:2201,0
DA:2204,0
DA:2207,0
DA:2210,0
DA:2213,0
DA:2216,0
DA:2219,0
DA:2222,0
DA:2225,0
DA:2228,0
DA:2231,0
DA:2234,0
DA:2237,0
DA:2240,0
DA:2243,0
DA:2246,0
DA:2249,0
DA:2252,0
DA:2255,0
DA:2258,0
DA:2261,0
DA:2264,0
DA:2266,0
DA:2269,0
DA:2271,0
DA:2274,0
DA:2277,0
DA:2280,0
DA:2283,0
DA:2286,0
DA:2288,0
DA:2291,0
DA:2294,0
DA:2296,0
DA:2299,0
DA:2302,0
DA:2305,0
DA:2308,0
DA:2311,0
DA:2314,0
DA:2317,0
DA:2320,0
DA:2323,0
DA:2326,0
DA:2329,0
DA:2333,0
DA:2336,0
DA:2339,0
DA:2342,0
DA:2345,0
DA:2348,0
DA:2351,0
DA:2354,0
DA:2358,0
DA:2361,0
DA:2364,0
DA:2367,0
DA:2370,0
DA:2373,0
DA:2376,0
DA:2379,0
DA:2382,0
DA:2384,0
DA:2386,0
DA:2387,0
DA:2391,0
DA:2394,0
DA:2397,0
DA:2400,0
DA:2403,0
DA:2406,0
DA:2409,0
DA:2412,0
DA:2415,0
DA:2418,0
DA:2421,0
DA:2424,0
DA:2427,0
DA:2430,0
DA:2433,0
DA:2437,0
DA:2440,0
DA:2443,0
DA:2446,0
DA:2449,0
DA:2452,0
DA:2455,0
DA:2458,0
DA:2461,0
DA:2464,0
DA:2467,0
DA:2470,0
DA:2473,0
DA:2477,0
DA:2480,0
DA:2483,0
DA:2486,0
DA:2489,0
DA:2492,0
DA:2495,0
DA:2498,0
DA:2501,0
DA:2504,0
DA:2507,0
DA:2510,0
DA:2513,0
DA:2516,0
DA:2520,0
DA:2523,1
DA:2527,0
DA:2530,0
DA:2533,0
DA:2536,0
DA:2539,0
DA:2542,0
DA:2545,0
DA:2548,0
DA:2551,0
DA:2555,0
DA:2559,0
DA:2563,0
DA:2566,0
DA:2570,0
DA:2574,0
DA:2576,0
DA:2579,0
DA:2582,0
DA:2585,0
DA:2588,0
DA:2591,0
DA:2595,0
DA:2598,0
DA:2602,0
DA:2605,0
DA:2608,0
DA:2611,0
DA:2614,0
DA:2617,0
DA:2620,0
DA:2623,0
DA:2626,0
DA:2629,0
DA:2632,0
DA:2635,0
DA:2638,0
DA:2641,0
DA:2644,0
DA:2647,0
DA:2650,0
DA:2653,0
DA:2656,0
DA:2659,0
DA:2662,0
DA:2665,0
DA:2668,0
DA:2671,0
DA:2674,0
DA:2677,0
DA:2680,0
DA:2683,0
DA:2686,0
DA:2689,0
DA:2692,0
DA:2694,0
DA:2697,0
DA:2700,0
DA:2703,0
DA:2706,0
DA:2709,0
DA:2712,0
DA:2715,0
DA:2718,0
DA:2721,0
DA:2725,0
DA:2728,0
DA:2732,0
DA:2735,0
DA:2738,0
DA:2741,0
DA:2744,0
DA:2747,0
DA:2750,0
DA:2753,0
DA:2756,0
DA:2759,0
DA:2763,0
DA:2767,0
DA:2771,0
DA:2774,0
DA:2777,0
DA:2781,0
DA:2784,0
DA:2787,0
DA:2790,0
DA:2793,0
DA:2796,0
DA:2799,0
DA:2802,0
DA:2805,0
DA:2808,0
DA:2811,0
DA:2813,0
DA:2816,0
DA:2820,0
DA:2822,0
DA:2825,0
DA:2829,0
DA:2832,0
DA:2835,0
DA:2839,0
DA:2842,0
DA:2845,0
DA:2848,0
DA:2850,0
DA:2853,0
DA:2856,0
DA:2859,0
DA:2862,0
DA:2865,0
DA:2868,0
DA:2870,0
DA:2873,0
DA:2877,0
DA:2881,0
DA:2884,0
DA:2888,0
DA:2891,0
DA:2894,0
DA:2897,0
DA:2900,0
DA:2903,0
DA:2906,0
DA:2909,0
DA:2912,0
DA:2915,0
DA:2918,0
DA:2921,0
DA:2924,0
DA:2928,0
DA:2931,0
DA:2934,0
DA:2937,0
DA:2940,0
DA:2943,0
DA:2946,0
DA:2949,0
DA:2952,0
DA:2955,0
DA:2958,0
DA:2962,0
DA:2965,0
DA:2968,0
DA:2971,0
DA:2974,0
DA:2977,0
DA:2980,0
DA:2983,0
DA:2986,0
DA:2989,0
DA:2992,0
DA:2995,0
DA:2998,0
DA:3001,0
DA:3003,0
DA:3006,0
DA:3009,0
DA:3012,0
DA:3016,0
DA:3019,0
DA:3022,0
DA:3025,0
DA:3028,0
DA:3031,0
DA:3034,0
DA:3036,0
DA:3039,0
DA:3042,0
DA:3044,0
DA:3047,0
DA:3050,0
DA:3053,0
DA:3056,0
DA:3059,0
DA:3062,0
DA:3066,0
DA:3069,0
DA:3072,0
DA:3075,0
DA:3078,0
DA:3081,0
DA:3084,0
DA:3087,0
DA:3090,0
DA:3093,0
DA:3096,0
DA:3099,0
DA:3102,0
DA:3105,0
DA:3108,0
DA:3111,0
DA:3114,0
DA:3117,0
DA:3120,0
DA:3123,0
DA:3126,0
DA:3129,0
DA:3132,0
DA:3135,0
DA:3138,0
DA:3141,0
LF:1014
LH:3
end_of_record
SF:lib/l10n/app_localizations_de.dart
DA:9,4
DA:11,0
DA:14,0
DA:17,0
DA:19,0
DA:22,0
DA:25,0
DA:28,0
DA:31,0
DA:34,0
DA:37,0
DA:40,0
DA:43,0
DA:47,0
DA:50,0
DA:54,0
DA:57,0
DA:60,0
DA:63,0
DA:66,0
DA:69,0
DA:73,0
DA:76,0
DA:79,0
DA:82,0
DA:86,0
DA:89,0
DA:92,0
DA:95,0
DA:98,0
DA:101,0
DA:104,0
DA:107,0
DA:110,0
DA:114,0
DA:116,0
DA:119,0
DA:121,0
DA:124,0
DA:127,0
DA:130,0
DA:133,0
DA:136,0
DA:138,0
DA:141,0
DA:143,0
DA:146,0
DA:149,0
DA:152,0
DA:155,0
DA:158,0
DA:161,0
DA:164,0
DA:167,0
DA:170,0
DA:173,0
DA:176,0
DA:179,0
DA:182,0
DA:185,0
DA:188,0
DA:191,0
DA:194,0
DA:197,0
DA:200,0
DA:203,0
DA:206,0
DA:210,0
DA:214,0
DA:218,0
DA:221,0
DA:224,0
DA:227,0
DA:231,0
DA:235,0
DA:239,0
DA:242,0
DA:245,0
DA:248,0
DA:251,0
DA:254,0
DA:257,0
DA:259,0
DA:262,0
DA:265,0
DA:268,0
DA:271,0
DA:274,0
DA:278,0
DA:281,0
DA:284,0
DA:287,0
DA:290,0
DA:293,0
DA:296,0
DA:299,0
DA:302,0
DA:305,0
DA:308,0
DA:311,0
DA:314,0
DA:317,0
DA:320,1
DA:323,1
DA:326,1
DA:329,1
DA:332,1
DA:336,1
DA:339,0
DA:343,1
DA:346,1
DA:349,1
DA:352,1
DA:355,1
DA:358,1
DA:361,1
DA:364,0
DA:367,0
DA:371,0
DA:373,0
DA:376,0
DA:378,0
DA:381,0
DA:383,0
DA:386,0
DA:388,0
DA:391,0
DA:393,0
DA:396,0
DA:399,0
DA:402,0
DA:406,0
DA:409,0
DA:412,0
DA:416,0
DA:419,0
DA:423,0
DA:426,0
DA:429,0
DA:433,0
DA:438,0
DA:441,0
DA:443,0
DA:446,0
DA:448,0
DA:451,0
DA:454,0
DA:457,0
DA:460,0
DA:463,0
DA:467,0
DA:470,0
DA:473,0
DA:476,0
DA:479,0
DA:482,0
DA:485,0
DA:488,0
DA:491,0
DA:494,0
DA:497,0
DA:500,0
DA:504,0
DA:508,0
DA:511,0
DA:515,0
DA:518,0
DA:522,0
DA:525,0
DA:529,0
DA:533,0
DA:537,0
DA:541,0
DA:545,0
DA:549,0
DA:552,0
DA:556,0
DA:559,0
DA:562,0
DA:565,0
DA:569,0
DA:572,0
DA:575,0
DA:578,0
DA:581,0
DA:584,0
DA:587,0
DA:590,0
DA:593,0
DA:596,0
DA:599,0
DA:602,0
DA:606,0
DA:609,0
DA:612,0
DA:616,0
DA:619,0
DA:622,0
DA:625,0
DA:628,0
DA:631,0
DA:634,0
DA:637,0
DA:640,0
DA:643,0
DA:646,0
DA:649,0
DA:652,0
DA:655,0
DA:658,0
DA:660,0
DA:663,0
DA:666,0
DA:670,0
DA:674,0
DA:678,0
DA:682,0
DA:685,0
DA:689,0
DA:693,0
DA:697,0
DA:700,0
DA:703,0
DA:706,0
DA:710,0
DA:713,0
DA:717,0
DA:720,0
DA:723,0
DA:727,0
DA:731,0
DA:734,0
DA:738,0
DA:742,0
DA:746,0
DA:750,0
DA:754,0
DA:758,0
DA:762,0
DA:766,0
DA:769,0
DA:772,0
DA:775,0
DA:779,0
DA:783,0
DA:787,0
DA:791,0
DA:795,0
DA:799,0
DA:803,0
DA:807,0
DA:811,0
DA:814,0
DA:818,0
DA:822,0
DA:826,0
DA:830,0
DA:834,0
DA:838,0
DA:840,0
DA:843,0
DA:846,0
DA:849,0
DA:852,0
DA:855,0
DA:858,0
DA:861,0
DA:864,0
DA:867,0
DA:870,0
DA:873,0
DA:876,0
DA:879,0
DA:882,0
DA:885,0
DA:888,0
DA:891,0
DA:894,0
DA:897,0
DA:900,0
DA:903,0
DA:907,0
DA:909,0
DA:912,0
DA:915,0
DA:919,0
DA:923,0
DA:927,0
DA:931,0
DA:934,0
DA:938,0
DA:941,0
DA:944,0
DA:947,0
DA:950,0
DA:953,0
DA:956,0
DA:959,0
DA:962,0
DA:965,0
DA:968,0
DA:972,0
DA:976,0
DA:979,0
DA:982,0
DA:985,0
DA:987,0
DA:990,0
DA:992,0
DA:995,0
DA:998,0
DA:1002,0
DA:1005,0
DA:1008,0
DA:1011,0
DA:1014,0
DA:1017,0
DA:1020,0
DA:1023,0
DA:1026,0
DA:1029,0
DA:1032,0
DA:1035,0
DA:1038,0
DA:1041,0
DA:1045,0
DA:1048,0
DA:1051,0
DA:1054,0
DA:1057,0
DA:1061,0
DA:1065,0
DA:1069,0
DA:1073,0
DA:1076,0
DA:1079,0
DA:1082,0
DA:1085,0
DA:1088,0
DA:1091,0
DA:1095,0
DA:1098,0
DA:1102,0
DA:1105,0
DA:1109,0
DA:1113,0
DA:1117,0
DA:1120,0
DA:1123,0
DA:1127,0
DA:1131,0
DA:1134,0
DA:1137,0
DA:1140,0
DA:1143,0
DA:1146,0
DA:1149,0
DA:1152,0
DA:1155,0
DA:1158,0
DA:1161,0
DA:1165,0
DA:1169,0
DA:1173,0
DA:1177,0
DA:1181,0
DA:1185,0
DA:1189,0
DA:1193,0
DA:1197,0
DA:1201,0
DA:1205,0
DA:1209,0
DA:1212,0
DA:1216,0
DA:1220,0
DA:1224,0
DA:1228,0
DA:1232,0
DA:1236,0
DA:1239,0
DA:1243,0
DA:1247,0
DA:1251,0
DA:1255,0
DA:1259,0
DA:1262,0
DA:1265,0
DA:1269,0
DA:1273,0
DA:1277,0
DA:1279,0
DA:1282,0
DA:1286,0
DA:1290,0
DA:1294,0
DA:1297,0
DA:1301,0
DA:1304,0
DA:1307,0
DA:1311,0
DA:1314,0
DA:1317,0
DA:1320,0
DA:1323,0
DA:1326,0
DA:1330,0
DA:1333,0
DA:1336,0
DA:1340,0
DA:1343,0
DA:1346,0
DA:1349,0
DA:1352,0
DA:1354,0
DA:1357,0
DA:1360,0
DA:1362,0
DA:1365,0
DA:1369,0
DA:1372,0
DA:1374,0
DA:1377,0
DA:1380,0
DA:1384,0
DA:1387,0
DA:1391,0
DA:1394,0
DA:1397,0
DA:1399,0
DA:1402,0
DA:1404,0
DA:1407,0
DA:1409,0
DA:1412,0
DA:1415,0
DA:1419,0
DA:1422,0
DA:1425,0
DA:1428,0
DA:1431,0
DA:1435,0
DA:1438,0
DA:1441,0
DA:1444,0
DA:1447,0
DA:1451,0
DA:1455,0
DA:1459,0
DA:1462,0
DA:1464,0
DA:1466,0
DA:1471,0
DA:1474,0
DA:1477,0
DA:1479,0
DA:1481,0
DA:1486,0
DA:1489,0
DA:1492,0
DA:1494,0
DA:1496,0
DA:1500,0
DA:1503,0
DA:1506,0
DA:1510,0
DA:1513,0
DA:1517,0
DA:1520,0
DA:1522,0
DA:1525,0
DA:1527,0
DA:1530,0
DA:1533,0
DA:1536,0
DA:1539,0
DA:1541,0
DA:1544,0
DA:1547,0
DA:1550,0
DA:1553,0
DA:1556,0
DA:1559,0
DA:1562,0
DA:1565,0
DA:1568,0
DA:1571,0
DA:1574,0
DA:1577,0
DA:1580,0
DA:1583,0
DA:1586,0
DA:1589,0
DA:1592,0
DA:1595,0
DA:1598,0
DA:1601,0
DA:1604,0
DA:1607,0
DA:1610,0
DA:1613,0
DA:1616,0
DA:1619,0
DA:1622,0
DA:1625,0
DA:1628,0
DA:1631,0
DA:1634,0
DA:1637,0
DA:1640,0
DA:1643,0
DA:1646,0
DA:1649,0
DA:1652,0
DA:1654,0
DA:1657,0
DA:1660,0
DA:1663,0
DA:1666,0
DA:1669,0
DA:1672,0
DA:1675,0
DA:1678,0
DA:1681,0
DA:1684,0
DA:1687,0
DA:1690,0
DA:1693,0
DA:1696,0
DA:1699,0
DA:1702,0
DA:1705,0
DA:1708,0
DA:1711,0
DA:1714,0
DA:1717,0
DA:1720,0
DA:1723,0
DA:1726,0
DA:1729,0
DA:1731,0
DA:1733,0
DA:1734,0
DA:1737,0
DA:1740,0
DA:1743,0
DA:1746,0
DA:1748,0
DA:1751,0
DA:1754,0
DA:1757,0
DA:1760,0
DA:1763,0
DA:1766,0
DA:1769,0
DA:1772,0
DA:1775,0
DA:1778,0
DA:1781,0
DA:1784,0
DA:1786,0
DA:1788,0
DA:1789,0
DA:1792,0
DA:1795,0
DA:1798,0
DA:1801,0
DA:1804,0
DA:1807,0
DA:1810,0
DA:1813,0
DA:1816,0
DA:1820,0
DA:1823,0
DA:1827,0
DA:1831,0
DA:1835,0
DA:1838,0
DA:1841,0
DA:1844,0
DA:1847,0
DA:1850,0
DA:1853,0
DA:1856,0
DA:1858,0
DA:1860,0
DA:1861,0
DA:1864,0
DA:1867,0
DA:1870,0
DA:1873,0
DA:1876,0
DA:1879,0
DA:1882,0
DA:1886,0
DA:1889,0
DA:1892,0
DA:1895,0
DA:1898,0
DA:1901,0
DA:1905,0
DA:1908,0
DA:1911,0
DA:1915,0
DA:1918,0
DA:1921,0
DA:1924,0
DA:1927,0
DA:1930,0
DA:1933,0
DA:1936,0
DA:1939,0
DA:1942,0
DA:1946,0
DA:1949,0
DA:1952,0
DA:1955,0
DA:1958,0
DA:1961,0
DA:1964,0
DA:1967,0
DA:1969,0
DA:1972,0
DA:1975,0
DA:1978,0
DA:1981,0
DA:1984,0
DA:1987,0
DA:1990,0
DA:1993,0
DA:1996,0
DA:1999,0
DA:2002,0
DA:2005,0
DA:2008,0
DA:2012,0
DA:2015,0
DA:2018,0
DA:2021,0
DA:2024,0
DA:2027,0
DA:2030,0
DA:2033,0
DA:2036,0
DA:2039,0
DA:2043,0
DA:2047,0
DA:2051,0
DA:2055,0
DA:2059,0
DA:2063,0
DA:2067,0
DA:2071,0
DA:2075,0
DA:2079,0
DA:2082,0
DA:2085,0
DA:2088,0
DA:2091,0
DA:2094,0
DA:2097,0
DA:2100,0
DA:2103,0
DA:2106,0
DA:2109,0
DA:2112,0
DA:2116,0
DA:2119,0
DA:2123,0
DA:2126,0
DA:2129,0
DA:2132,0
DA:2135,0
DA:2138,0
DA:2141,0
DA:2144,0
DA:2147,0
DA:2150,0
DA:2153,0
DA:2156,0
DA:2159,0
DA:2162,0
DA:2165,0
DA:2168,0
DA:2171,0
DA:2174,0
DA:2177,0
DA:2180,0
DA:2183,0
DA:2186,0
DA:2189,0
DA:2192,0
DA:2195,0
DA:2198,0
DA:2201,0
DA:2204,0
DA:2207,0
DA:2211,0
DA:2215,0
DA:2218,0
DA:2221,0
DA:2224,0
DA:2227,0
DA:2230,0
DA:2233,0
DA:2236,0
DA:2239,0
DA:2242,0
DA:2245,0
DA:2248,0
DA:2251,0
DA:2254,0
DA:2257,0
DA:2260,0
DA:2263,0
DA:2266,0
DA:2269,0
DA:2272,0
DA:2275,0
DA:2278,0
DA:2280,0
DA:2283,0
DA:2285,0
DA:2288,0
DA:2291,0
DA:2294,0
DA:2297,0
DA:2300,0
DA:2302,0
DA:2305,0
DA:2308,0
DA:2310,0
DA:2313,0
DA:2316,0
DA:2319,0
DA:2322,0
DA:2325,0
DA:2328,0
DA:2331,0
DA:2334,0
DA:2337,0
DA:2340,0
DA:2343,0
DA:2347,0
DA:2350,0
DA:2353,0
DA:2356,0
DA:2359,0
DA:2362,0
DA:2365,0
DA:2368,0
DA:2372,0
DA:2375,0
DA:2378,0
DA:2381,0
DA:2384,0
DA:2387,0
DA:2390,0
DA:2393,0
DA:2396,0
DA:2398,0
DA:2400,0
DA:2401,0
DA:2405,0
DA:2408,0
DA:2411,0
DA:2414,0
DA:2417,0
DA:2420,0
DA:2423,0
DA:2426,0
DA:2429,0
DA:2432,0
DA:2435,0
DA:2438,0
DA:2441,0
DA:2444,0
DA:2447,0
DA:2451,0
DA:2454,0
DA:2457,0
DA:2460,0
DA:2463,0
DA:2466,0
DA:2469,0
DA:2472,0
DA:2475,0
DA:2478,0
DA:2481,0
DA:2484,0
DA:2487,0
DA:2491,0
DA:2494,0
DA:2497,0
DA:2500,0
DA:2503,0
DA:2506,0
DA:2509,0
DA:2512,0
DA:2515,0
DA:2518,0
DA:2521,0
DA:2524,0
DA:2527,0
DA:2530,0
DA:2534,0
DA:2537,1
DA:2541,0
DA:2544,0
DA:2547,0
DA:2550,0
DA:2553,0
DA:2556,0
DA:2559,0
DA:2562,0
DA:2565,0
DA:2569,0
DA:2573,0
DA:2577,0
DA:2580,0
DA:2584,0
DA:2588,0
DA:2590,0
DA:2593,0
DA:2596,0
DA:2599,0
DA:2602,0
DA:2605,0
DA:2608,0
DA:2611,0
DA:2615,0
DA:2618,0
DA:2621,0
DA:2624,0
DA:2627,0
DA:2630,0
DA:2633,0
DA:2636,0
DA:2639,0
DA:2642,0
DA:2645,0
DA:2648,0
DA:2651,0
DA:2654,0
DA:2657,0
DA:2660,0
DA:2663,0
DA:2666,0
DA:2669,0
DA:2672,0
DA:2675,0
DA:2678,0
DA:2681,0
DA:2684,0
DA:2687,0
DA:2690,0
DA:2693,0
DA:2696,0
DA:2699,0
DA:2702,0
DA:2705,0
DA:2707,0
DA:2710,0
DA:2713,0
DA:2716,0
DA:2719,0
DA:2722,0
DA:2725,0
DA:2728,0
DA:2731,0
DA:2734,0
DA:2738,0
DA:2741,0
DA:2745,0
DA:2748,0
DA:2751,0
DA:2754,0
DA:2757,0
DA:2760,0
DA:2763,0
DA:2766,0
DA:2769,0
DA:2773,0
DA:2777,0
DA:2781,0
DA:2785,0
DA:2788,0
DA:2791,0
DA:2795,0
DA:2799,0
DA:2802,0
DA:2806,0
DA:2810,0
DA:2813,0
DA:2816,0
DA:2820,0
DA:2824,0
DA:2828,0
DA:2832,0
DA:2834,0
DA:2837,0
DA:2840,0
DA:2842,0
DA:2845,0
DA:2849,0
DA:2852,0
DA:2855,0
DA:2859,0
DA:2862,0
DA:2865,0
DA:2868,0
DA:2870,0
DA:2873,0
DA:2876,0
DA:2879,0
DA:2882,0
DA:2885,0
DA:2888,0
DA:2890,0
DA:2893,0
DA:2897,0
DA:2901,0
DA:2904,0
DA:2908,0
DA:2911,0
DA:2914,0
DA:2917,0
DA:2920,0
DA:2923,0
DA:2926,0
DA:2929,0
DA:2932,0
DA:2935,0
DA:2938,0
DA:2941,0
DA:2944,0
DA:2948,0
DA:2951,0
DA:2954,0
DA:2957,0
DA:2960,0
DA:2963,0
DA:2966,0
DA:2969,0
DA:2972,0
DA:2975,0
DA:2978,0
DA:2982,0
DA:2985,0
DA:2988,0
DA:2991,0
DA:2994,0
DA:2997,0
DA:3000,0
DA:3003,0
DA:3006,0
DA:3009,0
DA:3012,0
DA:3015,0
DA:3018,0
DA:3021,0
DA:3023,0
DA:3026,0
DA:3029,0
DA:3032,0
DA:3035,0
DA:3038,0
DA:3041,0
DA:3044,0
DA:3047,0
DA:3050,0
DA:3053,0
DA:3055,0
DA:3058,0
DA:3061,0
DA:3063,0
DA:3066,0
DA:3069,0
DA:3072,0
DA:3075,0
DA:3078,0
DA:3081,0
DA:3085,0
DA:3088,0
DA:3091,0
DA:3094,0
DA:3097,0
DA:3100,0
DA:3103,0
DA:3106,0
DA:3109,0
DA:3112,0
DA:3115,0
DA:3118,0
DA:3121,0
DA:3124,0
DA:3127,0
DA:3130,0
DA:3133,0
DA:3136,0
DA:3139,0
DA:3142,0
DA:3145,0
DA:3148,0
DA:3151,0
DA:3154,0
DA:3157,0
DA:3161,0
LF:1008
LH:15
end_of_record
SF:lib/l10n/app_localizations_en.dart
DA:9,270
DA:11,7
DA:14,10
DA:17,7
DA:19,7
DA:22,9
DA:25,11
DA:28,9
DA:31,51
DA:34,10
DA:37,11
DA:40,11
DA:43,0
DA:46,0
DA:49,6
DA:52,1
DA:55,10
DA:58,10
DA:61,10
DA:64,3
DA:67,5
DA:71,5
DA:74,5
DA:77,1
DA:80,2
DA:83,1
DA:86,1
DA:89,1
DA:92,1
DA:95,1
DA:98,1
DA:101,1
DA:104,5
DA:107,0
DA:110,1
DA:112,1
DA:115,1
DA:117,1
DA:120,1
DA:123,1
DA:126,1
DA:129,1
DA:132,1
DA:134,1
DA:137,1
DA:139,1
DA:142,1
DA:145,2
DA:148,2
DA:151,2
DA:154,2
DA:157,2
DA:160,2
DA:163,2
DA:166,2
DA:169,2
DA:172,2
DA:175,2
DA:178,2
DA:181,0
DA:184,2
DA:187,2
DA:190,2
DA:193,2
DA:196,2
DA:199,0
DA:202,0
DA:205,0
DA:208,0
DA:212,2
DA:215,1
DA:218,1
DA:221,1
DA:224,1
DA:227,0
DA:231,1
DA:234,1
DA:237,10
DA:240,3
DA:243,3
DA:246,4
DA:249,1
DA:251,1
DA:254,3
DA:257,4
DA:260,1
DA:263,1
DA:266,1
DA:270,1
DA:273,3
DA:276,3
DA:279,3
DA:282,3
DA:285,3
DA:288,3
DA:291,3
DA:294,3
DA:297,3
DA:300,3
DA:303,3
DA:306,3
DA:309,3
DA:312,1
DA:315,1
DA:318,1
DA:321,1
DA:324,1
DA:327,1
DA:330,0
DA:333,1
DA:336,1
DA:339,1
DA:342,1
DA:345,1
DA:348,1
DA:351,1
DA:354,2
DA:357,2
DA:360,1
DA:362,1
DA:365,1
DA:367,1
DA:370,1
DA:372,1
DA:375,1
DA:377,1
DA:380,1
DA:382,1
DA:385,1
DA:388,2
DA:391,2
DA:395,2
DA:398,1
DA:401,0
DA:405,2
DA:408,2
DA:412,2
DA:415,1
DA:418,0
DA:422,1
DA:427,1
DA:430,1
DA:432,1
DA:435,1
DA:437,1
DA:440,1
DA:443,2
DA:446,2
DA:449,2
DA:452,1
DA:455,2
DA:458,1
DA:461,1
DA:464,1
DA:467,1
DA:470,1
DA:473,1
DA:476,0
DA:479,3
DA:482,1
DA:485,1
DA:488,1
DA:492,1
DA:496,2
DA:499,2
DA:503,0
DA:506,0
DA:510,3
DA:513,2
DA:517,3
DA:521,2
DA:525,2
DA:529,2
DA:533,0
DA:537,3
DA:540,3
DA:544,4
DA:547,3
DA:550,10
DA:553,1
DA:557,4
DA:560,4
DA:563,3
DA:566,3
DA:569,3
DA:572,3
DA:575,3
DA:578,4
DA:581,3
DA:584,6
DA:587,4
DA:590,3
DA:594,0
DA:597,0
DA:600,0
DA:603,4
DA:606,2
DA:609,2
DA:612,2
DA:615,2
DA:618,2
DA:621,2
DA:624,1
DA:627,2
DA:630,2
DA:633,2
DA:636,2
DA:639,2
DA:642,1
DA:645,1
DA:647,1
DA:650,1
DA:653,2
DA:656,1
DA:660,2
DA:663,1
DA:666,2
DA:669,1
DA:673,1
DA:677,1
DA:680,2
DA:683,2
DA:686,2
DA:689,2
DA:692,1
DA:695,1
DA:699,1
DA:702,1
DA:705,0
DA:709,0
DA:712,0
DA:715,0
DA:719,0
DA:722,0
DA:725,0
DA:729,0
DA:733,2
DA:737,1
DA:740,2
DA:743,1
DA:746,1
DA:749,3
DA:752,3
DA:756,2
DA:760,0
DA:764,2
DA:768,1
DA:772,1
DA:776,1
DA:780,1
DA:784,3
DA:788,1
DA:792,1
DA:796,1
DA:800,1
DA:804,2
DA:808,1
DA:812,1
DA:816,2
DA:818,2
DA:821,12
DA:824,2
DA:827,0
DA:830,2
DA:833,1
DA:836,0
DA:839,1
DA:842,0
DA:845,0
DA:848,0
DA:851,0
DA:854,0
DA:858,0
DA:861,0
DA:864,0
DA:867,0
DA:870,0
DA:873,0
DA:876,1
DA:879,0
DA:882,0
DA:886,0
DA:888,0
DA:891,0
DA:894,0
DA:898,0
DA:902,0
DA:906,0
DA:910,2
DA:913,2
DA:917,2
DA:920,1
DA:923,1
DA:926,0
DA:929,1
DA:932,1
DA:935,1
DA:938,2
DA:941,2
DA:944,2
DA:947,2
DA:951,0
DA:955,0
DA:958,5
DA:961,3
DA:964,3
DA:966,3
DA:969,3
DA:971,3
DA:974,1
DA:977,2
DA:981,1
DA:984,1
DA:987,2
DA:990,2
DA:993,2
DA:996,1
DA:999,0
DA:1002,0
DA:1005,1
DA:1008,2
DA:1011,3
DA:1014,3
DA:1017,2
DA:1020,0
DA:1024,2
DA:1027,1
DA:1030,2
DA:1033,2
DA:1036,1
DA:1040,0
DA:1044,0
DA:1048,0
DA:1052,1
DA:1055,1
DA:1058,1
DA:1061,1
DA:1064,5
DA:1067,5
DA:1070,5
DA:1074,2
DA:1077,2
DA:1081,2
DA:1084,2
DA:1088,2
DA:1092,2
DA:1096,2
DA:1099,2
DA:1102,2
DA:1106,1
DA:1109,2
DA:1112,2
DA:1115,1
DA:1118,2
DA:1121,1
DA:1124,1
DA:1127,0
DA:1130,0
DA:1133,0
DA:1136,0
DA:1139,2
DA:1143,2
DA:1147,2
DA:1151,2
DA:1155,2
DA:1159,2
DA:1163,2
DA:1167,2
DA:1171,2
DA:1175,2
DA:1179,2
DA:1182,2
DA:1186,2
DA:1189,2
DA:1193,2
DA:1196,2
DA:1200,2
DA:1203,2
DA:1207,1
DA:1211,1
DA:1214,2
DA:1217,2
DA:1221,2
DA:1225,1
DA:1229,0
DA:1233,1
DA:1236,1
DA:1240,1
DA:1244,1
DA:1248,1
DA:1252,1
DA:1254,1
DA:1257,3
DA:1260,3
DA:1264,1
DA:1268,2
DA:1271,2
DA:1275,2
DA:1278,2
DA:1281,0
DA:1285,0
DA:1288,0
DA:1291,0
DA:1294,0
DA:1297,1
DA:1300,1
DA:1304,1
DA:1307,1
DA:1310,1
DA:1314,1
DA:1317,1
DA:1320,1
DA:1323,1
DA:1326,1
DA:1328,1
DA:1331,1
DA:1334,1
DA:1336,1
DA:1339,1
DA:1343,0
DA:1346,0
DA:1348,0
DA:1351,1
DA:1354,0
DA:1358,1
DA:1361,1
DA:1365,1
DA:1368,1
DA:1371,1
DA:1373,1
DA:1376,1
DA:1378,1
DA:1381,0
DA:1383,0
DA:1386,1
DA:1389,0
DA:1393,0
DA:1396,0
DA:1399,0
DA:1402,0
DA:1405,0
DA:1409,0
DA:1412,0
DA:1415,0
DA:1418,0
DA:1421,1
DA:1424,1
DA:1428,1
DA:1432,4
DA:1435,4
DA:1437,4
DA:1439,4
DA:1444,4
DA:1447,3
DA:1450,3
DA:1452,3
DA:1454,3
DA:1459,3
DA:1462,2
DA:1465,1
DA:1467,1
DA:1469,1
DA:1473,1
DA:1476,1
DA:1479,1
DA:1483,1
DA:1486,1
DA:1490,3
DA:1493,2
DA:1495,2
DA:1498,2
DA:1500,2
DA:1503,0
DA:1506,1
DA:1509,1
DA:1512,1
DA:1514,1
DA:1517,5
DA:1520,5
DA:1523,5
DA:1526,5
DA:1529,5
DA:1532,7
DA:1535,5
DA:1538,2
DA:1541,3
DA:1544,3
DA:1547,3
DA:1550,3
DA:1553,3
DA:1556,3
DA:1559,3
DA:1562,3
DA:1565,3
DA:1568,3
DA:1571,3
DA:1574,3
DA:1577,3
DA:1580,3
DA:1583,3
DA:1586,3
DA:1589,3
DA:1592,3
DA:1595,1
DA:1598,0
DA:1601,1
DA:1604,1
DA:1607,5
DA:1610,3
DA:1613,2
DA:1616,3
DA:1619,2
DA:1622,3
DA:1625,3
DA:1627,3
DA:1630,1
DA:1633,1
DA:1636,2
DA:1639,2
DA:1642,1
DA:1645,1
DA:1648,1
DA:1651,1
DA:1654,1
DA:1657,1
DA:1660,1
DA:1663,1
DA:1666,1
DA:1669,2
DA:1672,2
DA:1675,3
DA:1678,1
DA:1681,1
DA:1684,0
DA:1687,1
DA:1690,1
DA:1693,0
DA:1696,0
DA:1699,1
DA:1702,1
DA:1704,1
DA:1706,1
DA:1707,1
DA:1710,1
DA:1713,0
DA:1716,0
DA:1719,0
DA:1721,0
DA:1724,1
DA:1727,0
DA:1730,1
DA:1733,1
DA:1736,1
DA:1739,1
DA:1742,1
DA:1745,1
DA:1748,2
DA:1751,0
DA:1754,1
DA:1757,1
DA:1759,1
DA:1761,1
DA:1762,1
DA:1765,1
DA:1768,5
DA:1771,5
DA:1774,5
DA:1777,2
DA:1780,2
DA:1783,2
DA:1786,2
DA:1789,1
DA:1793,2
DA:1796,1
DA:1800,1
DA:1804,2
DA:1808,2
DA:1811,2
DA:1814,2
DA:1817,2
DA:1820,2
DA:1823,0
DA:1826,0
DA:1829,0
DA:1831,0
DA:1833,0
DA:1834,0
DA:1837,0
DA:1840,0
DA:1843,0
DA:1846,0
DA:1849,0
DA:1852,0
DA:1855,0
DA:1859,0
DA:1862,0
DA:1865,0
DA:1868,1
DA:1871,2
DA:1874,1
DA:1877,1
DA:1880,0
DA:1883,1
DA:1887,1
DA:1890,1
DA:1893,1
DA:1896,1
DA:1899,1
DA:1902,1
DA:1905,0
DA:1908,1
DA:1911,0
DA:1914,0
DA:1917,1
DA:1920,1
DA:1923,1
DA:1926,1
DA:1929,1
DA:1932,1
DA:1935,1
DA:1938,1
DA:1940,1
DA:1943,1
DA:1946,0
DA:1949,2
DA:1952,2
DA:1955,0
DA:1958,1
DA:1961,1
DA:1964,1
DA:1967,0
DA:1970,1
DA:1973,1
DA:1976,1
DA:1979,1
DA:1982,1
DA:1985,1
DA:1988,1
DA:1991,1
DA:1994,1
DA:1997,1
DA:2000,1
DA:2003,1
DA:2006,1
DA:2009,1
DA:2013,0
DA:2016,0
DA:2020,0
DA:2024,0
DA:2027,0
DA:2030,0
DA:2033,0
DA:2037,0
DA:2041,0
DA:2045,0
DA:2048,0
DA:2051,0
DA:2054,0
DA:2057,0
DA:2060,0
DA:2063,0
DA:2066,0
DA:2069,0
DA:2072,0
DA:2075,0
DA:2078,0
DA:2081,0
DA:2084,0
DA:2088,0
DA:2091,0
DA:2094,0
DA:2097,0
DA:2100,0
DA:2103,0
DA:2106,5
DA:2109,2
DA:2112,1
DA:2115,0
DA:2118,0
DA:2121,0
DA:2124,0
DA:2127,1
DA:2130,1
DA:2133,0
DA:2136,1
DA:2139,0
DA:2142,0
DA:2145,1
DA:2148,1
DA:2151,1
DA:2154,1
DA:2157,1
DA:2160,0
DA:2163,1
DA:2166,1
DA:2169,0
DA:2172,1
DA:2176,1
DA:2180,2
DA:2183,2
DA:2186,0
DA:2189,1
DA:2192,0
DA:2195,2
DA:2198,2
DA:2201,1
DA:2204,0
DA:2207,1
DA:2210,2
DA:2213,2
DA:2216,2
DA:2219,1
DA:2222,1
DA:2225,1
DA:2228,0
DA:2231,0
DA:2234,0
DA:2237,0
DA:2240,1
DA:2243,1
DA:2245,1
DA:2248,1
DA:2250,1
DA:2253,0
DA:2256,1
DA:2259,1
DA:2262,1
DA:2265,0
DA:2267,0
DA:2270,1
DA:2273,0
DA:2275,0
DA:2278,2
DA:2281,0
DA:2284,2
DA:2287,2
DA:2290,2
DA:2293,2
DA:2296,2
DA:2299,2
DA:2302,2
DA:2305,2
DA:2308,2
DA:2312,0
DA:2315,2
DA:2318,2
DA:2321,2
DA:2324,2
DA:2327,2
DA:2330,2
DA:2333,2
DA:2337,0
DA:2340,2
DA:2343,2
DA:2346,2
DA:2349,2
DA:2352,2
DA:2355,2
DA:2358,2
DA:2361,0
DA:2363,0
DA:2365,0
DA:2366,0
DA:2370,0
DA:2373,2
DA:2376,2
DA:2379,2
DA:2382,0
DA:2385,2
DA:2388,2
DA:2391,2
DA:2394,2
DA:2397,2
DA:2400,2
DA:2403,2
DA:2406,0
DA:2409,2
DA:2412,2
DA:2416,2
DA:2419,2
DA:2422,0
DA:2425,0
DA:2428,0
DA:2431,0
DA:2434,0
DA:2437,0
DA:2440,0
DA:2443,0
DA:2446,0
DA:2449,0
DA:2452,1
DA:2456,0
DA:2459,1
DA:2462,10
DA:2465,1
DA:2468,0
DA:2471,1
DA:2474,1
DA:2477,10
DA:2480,0
DA:2483,1
DA:2486,1
DA:2489,0
DA:2492,1
DA:2495,1
DA:2499,3
DA:2502,1
DA:2505,1
DA:2508,1
DA:2511,1
DA:2514,1
DA:2517,1
DA:2520,1
DA:2523,1
DA:2526,1
DA:2529,1
DA:2533,1
DA:2536,0
DA:2540,1
DA:2544,0
DA:2548,0
DA:2552,1
DA:2554,1
DA:2557,4
DA:2560,4
DA:2563,1
DA:2566,1
DA:2569,5
DA:2572,1
DA:2575,1
DA:2579,1
DA:2582,1
DA:2585,1
DA:2588,1
DA:2591,1
DA:2594,1
DA:2597,1
DA:2600,1
DA:2603,1
DA:2606,1
DA:2609,1
DA:2612,1
DA:2615,1
DA:2618,1
DA:2621,1
DA:2624,5
DA:2627,1
DA:2630,0
DA:2633,0
DA:2636,0
DA:2639,1
DA:2642,3
DA:2645,3
DA:2648,3
DA:2651,1
DA:2654,3
DA:2657,1
DA:2660,1
DA:2663,1
DA:2666,1
DA:2669,1
DA:2671,1
DA:2674,1
DA:2677,1
DA:2680,0
DA:2683,1
DA:2686,1
DA:2689,1
DA:2692,1
DA:2695,1
DA:2698,0
DA:2702,1
DA:2705,1
DA:2709,0
DA:2712,2
DA:2715,1
DA:2718,2
DA:2721,1
DA:2724,2
DA:2727,2
DA:2730,2
DA:2733,0
DA:2736,0
DA:2740,0
DA:2744,0
DA:2748,0
DA:2751,2
DA:2754,1
DA:2758,3
DA:2761,3
DA:2764,3
DA:2767,3
DA:2770,3
DA:2773,3
DA:2776,3
DA:2779,3
DA:2782,3
DA:2785,3
DA:2788,1
DA:2790,1
DA:2793,1
DA:2796,1
DA:2798,1
DA:2801,1
DA:2805,1
DA:2808,1
DA:2811,1
DA:2815,0
DA:2818,1
DA:2821,0
DA:2824,0
DA:2826,0
DA:2829,1
DA:2832,0
DA:2835,0
DA:2838,0
DA:2841,1
DA:2844,1
DA:2846,1
DA:2849,1
DA:2853,1
DA:2857,0
DA:2860,1
DA:2864,2
DA:2867,0
DA:2870,1
DA:2873,1
DA:2876,1
DA:2879,1
DA:2882,0
DA:2885,0
DA:2888,0
DA:2891,1
DA:2894,1
DA:2897,1
DA:2900,0
DA:2904,1
DA:2907,0
DA:2910,1
DA:2913,1
DA:2916,1
DA:2919,1
DA:2922,1
DA:2925,1
DA:2928,0
DA:2931,0
DA:2934,0
DA:2938,0
DA:2941,0
DA:2944,0
DA:2947,1
DA:2950,1
DA:2953,1
DA:2956,1
DA:2959,0
DA:2962,0
DA:2965,0
DA:2968,0
DA:2971,0
DA:2974,0
DA:2977,0
DA:2979,0
DA:2982,0
DA:2985,0
DA:2988,0
DA:2991,0
DA:2994,0
DA:2997,2
DA:3000,0
DA:3003,0
DA:3006,0
DA:3009,0
DA:3011,0
DA:3014,0
DA:3017,0
DA:3019,0
DA:3022,0
DA:3025,0
DA:3028,1
DA:3031,1
DA:3034,1
DA:3037,0
DA:3041,0
DA:3044,1
DA:3047,1
DA:3050,5
DA:3053,2
DA:3056,1
DA:3059,2
DA:3062,1
DA:3065,2
DA:3068,0
DA:3071,3
DA:3074,3
DA:3077,3
DA:3080,2
DA:3083,2
DA:3086,2
DA:3089,2
DA:3092,2
DA:3095,2
DA:3098,2
DA:3101,1
DA:3104,3
DA:3107,3
DA:3110,0
DA:3113,1
DA:3116,2
LF:1008
LH:754
end_of_record
SF:lib/l10n/app_localizations_es.dart
DA:9,4
DA:11,0
DA:14,0
DA:17,0
DA:19,0
DA:22,0
DA:25,0
DA:28,0
DA:31,0
DA:34,0
DA:37,0
DA:40,0
DA:43,0
DA:46,0
DA:49,0
DA:52,0
DA:55,0
DA:58,0
DA:61,0
DA:64,0
DA:67,0
DA:71,0
DA:74,0
DA:77,0
DA:80,0
DA:84,0
DA:87,0
DA:90,0
DA:93,0
DA:96,0
DA:99,0
DA:102,0
DA:105,0
DA:108,0
DA:111,0
DA:113,0
DA:116,0
DA:118,0
DA:121,0
DA:124,0
DA:127,0
DA:130,0
DA:133,0
DA:135,0
DA:138,0
DA:140,0
DA:143,0
DA:146,0
DA:149,0
DA:152,0
DA:155,0
DA:158,0
DA:161,0
DA:164,0
DA:167,0
DA:170,0
DA:173,0
DA:176,0
DA:179,0
DA:182,0
DA:185,0
DA:188,0
DA:191,0
DA:194,0
DA:197,0
DA:200,0
DA:203,0
DA:206,0
DA:210,0
DA:214,0
DA:217,0
DA:220,0
DA:223,0
DA:227,0
DA:230,0
DA:234,0
DA:237,0
DA:240,0
DA:243,0
DA:246,0
DA:249,0
DA:252,0
DA:254,0
DA:257,0
DA:260,0
DA:263,0
DA:266,0
DA:269,0
DA:273,0
DA:276,0
DA:279,0
DA:282,0
DA:285,0
DA:288,0
DA:291,0
DA:294,0
DA:297,0
DA:300,0
DA:303,0
DA:306,0
DA:309,0
DA:312,0
DA:315,1
DA:318,1
DA:322,1
DA:326,1
DA:329,1
DA:333,1
DA:336,0
DA:340,1
DA:343,1
DA:346,1
DA:349,1
DA:352,1
DA:355,1
DA:358,1
DA:361,0
DA:364,0
DA:368,0
DA:370,0
DA:373,0
DA:375,0
DA:378,0
DA:380,0
DA:383,0
DA:385,0
DA:388,0
DA:390,0
DA:393,0
DA:396,0
DA:399,0
DA:403,0
DA:406,0
DA:409,0
DA:413,0
DA:416,0
DA:420,0
DA:423,0
DA:427,0
DA:431,0
DA:436,0
DA:439,0
DA:441,0
DA:444,0
DA:446,0
DA:449,0
DA:452,0
DA:455,0
DA:458,0
DA:461,0
DA:465,0
DA:468,0
DA:471,0
DA:474,0
DA:477,0
DA:480,0
DA:483,0
DA:486,0
DA:489,0
DA:492,0
DA:495,0
DA:498,0
DA:502,0
DA:506,0
DA:509,0
DA:513,0
DA:516,0
DA:520,0
DA:523,0
DA:527,0
DA:531,0
DA:535,0
DA:539,0
DA:543,0
DA:547,0
DA:550,0
DA:554,0
DA:557,0
DA:560,0
DA:563,0
DA:567,0
DA:570,0
DA:573,0
DA:576,0
DA:579,0
DA:582,0
DA:585,0
DA:588,0
DA:591,0
DA:594,0
DA:597,0
DA:600,0
DA:604,0
DA:607,0
DA:610,0
DA:614,0
DA:617,0
DA:620,0
DA:623,0
DA:626,0
DA:629,0
DA:632,0
DA:635,0
DA:638,0
DA:641,0
DA:644,0
DA:647,0
DA:650,0
DA:653,0
DA:656,0
DA:658,0
DA:661,0
DA:664,0
DA:667,0
DA:671,0
DA:674,0
DA:678,0
DA:681,0
DA:685,0
DA:688,0
DA:692,0
DA:695,0
DA:698,0
DA:701,0
DA:704,0
DA:707,0
DA:711,0
DA:714,0
DA:717,0
DA:721,0
DA:724,0
DA:727,0
DA:731,0
DA:734,0
DA:737,0
DA:741,0
DA:745,0
DA:748,0
DA:752,0
DA:755,0
DA:758,0
DA:761,0
DA:764,0
DA:768,0
DA:772,0
DA:776,0
DA:779,0
DA:783,0
DA:787,0
DA:791,0
DA:795,0
DA:799,0
DA:803,0
DA:807,0
DA:811,0
DA:815,0
DA:819,0
DA:823,0
DA:827,0
DA:829,0
DA:832,0
DA:835,0
DA:838,0
DA:841,0
DA:844,0
DA:847,0
DA:850,0
DA:853,0
DA:856,0
DA:859,0
DA:862,0
DA:865,0
DA:869,0
DA:872,0
DA:875,0
DA:878,0
DA:881,0
DA:884,0
DA:887,0
DA:890,0
DA:893,0
DA:897,0
DA:899,0
DA:902,0
DA:905,0
DA:909,0
DA:913,0
DA:917,0
DA:921,0
DA:924,0
DA:928,0
DA:931,0
DA:934,0
DA:937,0
DA:940,0
DA:943,0
DA:946,0
DA:949,0
DA:952,0
DA:955,0
DA:958,0
DA:962,0
DA:966,0
DA:969,0
DA:972,0
DA:975,0
DA:977,0
DA:980,0
DA:982,0
DA:985,0
DA:988,0
DA:992,0
DA:995,0
DA:998,0
DA:1001,0
DA:1004,0
DA:1007,0
DA:1010,0
DA:1013,0
DA:1016,0
DA:1019,0
DA:1022,0
DA:1025,0
DA:1028,0
DA:1031,0
DA:1035,0
DA:1038,0
DA:1042,0
DA:1045,0
DA:1048,0
DA:1052,0
DA:1056,0
DA:1060,0
DA:1064,0
DA:1067,0
DA:1070,0
DA:1073,0
DA:1076,0
DA:1079,0
DA:1082,0
DA:1086,0
DA:1089,0
DA:1093,0
DA:1096,0
DA:1100,0
DA:1104,0
DA:1108,0
DA:1111,0
DA:1114,0
DA:1118,0
DA:1121,0
DA:1125,0
DA:1128,0
DA:1131,0
DA:1134,0
DA:1137,0
DA:1140,0
DA:1143,0
DA:1146,0
DA:1149,0
DA:1152,0
DA:1156,0
DA:1160,0
DA:1164,0
DA:1168,0
DA:1172,0
DA:1176,0
DA:1180,0
DA:1184,0
DA:1188,0
DA:1192,0
DA:1195,0
DA:1199,0
DA:1202,0
DA:1206,0
DA:1210,0
DA:1214,0
DA:1217,0
DA:1221,0
DA:1225,0
DA:1228,0
DA:1232,0
DA:1236,0
DA:1240,0
DA:1244,0
DA:1248,0
DA:1252,0
DA:1256,0
DA:1260,0
DA:1264,0
DA:1268,0
DA:1270,0
DA:1273,0
DA:1277,0
DA:1281,0
DA:1285,0
DA:1288,0
DA:1292,0
DA:1295,0
DA:1298,0
DA:1302,0
DA:1305,0
DA:1308,0
DA:1311,0
DA:1314,0
DA:1317,0
DA:1321,0
DA:1325,0
DA:1328,0
DA:1332,0
DA:1335,0
DA:1338,0
DA:1341,0
DA:1344,0
DA:1346,0
DA:1349,0
DA:1352,0
DA:1354,0
DA:1357,0
DA:1361,0
DA:1364,0
DA:1366,0
DA:1369,0
DA:1372,0
DA:1376,0
DA:1379,0
DA:1383,0
DA:1386,0
DA:1389,0
DA:1391,0
DA:1394,0
DA:1396,0
DA:1399,0
DA:1401,0
DA:1404,0
DA:1407,0
DA:1411,0
DA:1414,0
DA:1417,0
DA:1420,0
DA:1423,0
DA:1427,0
DA:1431,0
DA:1434,0
DA:1437,0
DA:1440,0
DA:1444,0
DA:1448,0
DA:1452,0
DA:1455,0
DA:1457,0
DA:1459,0
DA:1464,0
DA:1467,0
DA:1470,0
DA:1472,0
DA:1474,0
DA:1479,0
DA:1482,0
DA:1485,0
DA:1487,0
DA:1489,0
DA:1493,0
DA:1496,0
DA:1500,0
DA:1504,0
DA:1507,0
DA:1511,0
DA:1514,0
DA:1516,0
DA:1519,0
DA:1521,0
DA:1524,0
DA:1527,0
DA:1530,0
DA:1533,0
DA:1535,0
DA:1538,0
DA:1541,0
DA:1544,0
DA:1547,0
DA:1550,0
DA:1553,0
DA:1556,0
DA:1559,0
DA:1562,0
DA:1565,0
DA:1568,0
DA:1571,0
DA:1574,0
DA:1577,0
DA:1580,0
DA:1583,0
DA:1586,0
DA:1589,0
DA:1592,0
DA:1595,0
DA:1598,0
DA:1601,0
DA:1604,0
DA:1607,0
DA:1610,0
DA:1613,0
DA:1616,0
DA:1619,0
DA:1622,0
DA:1625,0
DA:1628,0
DA:1631,0
DA:1634,0
DA:1637,0
DA:1640,0
DA:1643,0
DA:1646,0
DA:1648,0
DA:1651,0
DA:1654,0
DA:1657,0
DA:1660,0
DA:1663,0
DA:1666,0
DA:1669,0
DA:1672,0
DA:1675,0
DA:1678,0
DA:1681,0
DA:1685,0
DA:1689,0
DA:1692,0
DA:1695,0
DA:1698,0
DA:1701,0
DA:1704,0
DA:1707,0
DA:1710,0
DA:1713,0
DA:1716,0
DA:1719,0
DA:1722,0
DA:1725,0
DA:1727,0
DA:1729,0
DA:1730,0
DA:1733,0
DA:1736,0
DA:1739,0
DA:1742,0
DA:1744,0
DA:1747,0
DA:1750,0
DA:1753,0
DA:1756,0
DA:1759,0
DA:1762,0
DA:1765,0
DA:1768,0
DA:1771,0
DA:1774,0
DA:1777,0
DA:1780,0
DA:1782,0
DA:1784,0
DA:1785,0
DA:1788,0
DA:1791,0
DA:1794,0
DA:1797,0
DA:1800,0
DA:1803,0
DA:1806,0
DA:1809,0
DA:1812,0
DA:1816,0
DA:1819,0
DA:1823,0
DA:1827,0
DA:1831,0
DA:1834,0
DA:1837,0
DA:1840,0
DA:1843,0
DA:1846,0
DA:1849,0
DA:1852,0
DA:1854,0
DA:1856,0
DA:1857,0
DA:1860,0
DA:1863,0
DA:1866,0
DA:1869,0
DA:1872,0
DA:1875,0
DA:1878,0
DA:1882,0
DA:1885,0
DA:1888,0
DA:1891,0
DA:1894,0
DA:1897,0
DA:1900,0
DA:1903,0
DA:1906,0
DA:1910,0
DA:1913,0
DA:1916,0
DA:1919,0
DA:1922,0
DA:1925,0
DA:1928,0
DA:1931,0
DA:1934,0
DA:1937,0
DA:1940,0
DA:1943,0
DA:1946,0
DA:1949,0
DA:1952,0
DA:1955,0
DA:1958,0
DA:1961,0
DA:1963,0
DA:1966,0
DA:1969,0
DA:1972,0
DA:1975,0
DA:1978,0
DA:1981,0
DA:1984,0
DA:1987,0
DA:1990,0
DA:1993,0
DA:1996,0
DA:1999,0
DA:2002,0
DA:2005,0
DA:2008,0
DA:2011,0
DA:2014,0
DA:2017,0
DA:2020,0
DA:2023,0
DA:2026,0
DA:2029,0
DA:2032,0
DA:2036,0
DA:2040,0
DA:2044,0
DA:2048,0
DA:2051,0
DA:2054,0
DA:2057,0
DA:2061,0
DA:2065,0
DA:2069,0
DA:2072,0
DA:2075,0
DA:2078,0
DA:2081,0
DA:2084,0
DA:2087,0
DA:2090,0
DA:2093,0
DA:2096,0
DA:2099,0
DA:2102,0
DA:2105,0
DA:2108,0
DA:2112,0
DA:2115,0
DA:2118,0
DA:2121,0
DA:2124,0
DA:2127,0
DA:2130,0
DA:2133,0
DA:2136,0
DA:2139,0
DA:2142,0
DA:2145,0
DA:2148,0
DA:2151,0
DA:2154,0
DA:2157,0
DA:2160,0
DA:2163,0
DA:2166,0
DA:2169,0
DA:2172,0
DA:2175,0
DA:2178,0
DA:2181,0
DA:2184,0
DA:2187,0
DA:2190,0
DA:2193,0
DA:2196,0
DA:2200,0
DA:2204,0
DA:2207,0
DA:2210,0
DA:2213,0
DA:2216,0
DA:2219,0
DA:2222,0
DA:2225,0
DA:2228,0
DA:2231,0
DA:2234,0
DA:2237,0
DA:2240,0
DA:2243,0
DA:2246,0
DA:2249,0
DA:2252,0
DA:2255,0
DA:2258,0
DA:2261,0
DA:2264,0
DA:2267,0
DA:2269,0
DA:2272,0
DA:2274,0
DA:2277,0
DA:2280,0
DA:2283,0
DA:2286,0
DA:2289,0
DA:2291,0
DA:2294,0
DA:2297,0
DA:2299,0
DA:2302,0
DA:2305,0
DA:2308,0
DA:2311,0
DA:2314,0
DA:2317,0
DA:2320,0
DA:2323,0
DA:2326,0
DA:2329,0
DA:2332,0
DA:2336,0
DA:2339,0
DA:2342,0
DA:2345,0
DA:2348,0
DA:2351,0
DA:2354,0
DA:2357,0
DA:2361,0
DA:2364,0
DA:2367,0
DA:2370,0
DA:2373,0
DA:2376,0
DA:2379,0
DA:2382,0
DA:2385,0
DA:2387,0
DA:2389,0
DA:2390,0
DA:2394,0
DA:2397,0
DA:2400,0
DA:2403,0
DA:2406,0
DA:2409,0
DA:2412,0
DA:2415,0
DA:2418,0
DA:2421,0
DA:2424,0
DA:2427,0
DA:2430,0
DA:2433,0
DA:2436,0
DA:2440,0
DA:2443,0
DA:2446,0
DA:2449,0
DA:2452,0
DA:2455,0
DA:2458,0
DA:2461,0
DA:2464,0
DA:2467,0
DA:2470,0
DA:2473,0
DA:2476,0
DA:2480,0
DA:2483,0
DA:2486,0
DA:2490,0
DA:2493,0
DA:2496,0
DA:2499,0
DA:2502,0
DA:2505,0
DA:2508,0
DA:2511,0
DA:2514,0
DA:2517,0
DA:2520,0
DA:2524,0
DA:2527,1
DA:2531,0
DA:2534,0
DA:2537,0
DA:2540,0
DA:2543,0
DA:2546,0
DA:2549,0
DA:2552,0
DA:2555,0
DA:2559,0
DA:2563,0
DA:2567,0
DA:2570,0
DA:2574,0
DA:2578,0
DA:2580,0
DA:2583,0
DA:2586,0
DA:2589,0
DA:2592,0
DA:2595,0
DA:2598,0
DA:2601,0
DA:2605,0
DA:2608,0
DA:2611,0
DA:2614,0
DA:2617,0
DA:2620,0
DA:2623,0
DA:2626,0
DA:2629,0
DA:2632,0
DA:2635,0
DA:2638,0
DA:2641,0
DA:2644,0
DA:2647,0
DA:2650,0
DA:2653,0
DA:2656,0
DA:2659,0
DA:2662,0
DA:2665,0
DA:2668,0
DA:2671,0
DA:2674,0
DA:2677,0
DA:2680,0
DA:2683,0
DA:2686,0
DA:2689,0
DA:2692,0
DA:2695,0
DA:2697,0
DA:2700,0
DA:2703,0
DA:2706,0
DA:2709,0
DA:2712,0
DA:2715,0
DA:2718,0
DA:2721,0
DA:2724,0
DA:2728,0
DA:2731,0
DA:2735,0
DA:2738,0
DA:2741,0
DA:2744,0
DA:2747,0
DA:2750,0
DA:2753,0
DA:2756,0
DA:2759,0
DA:2762,0
DA:2766,0
DA:2770,0
DA:2774,0
DA:2778,0
DA:2781,0
DA:2785,0
DA:2789,0
DA:2792,0
DA:2795,0
DA:2798,0
DA:2801,0
DA:2805,0
DA:2809,0
DA:2812,0
DA:2816,0
DA:2819,0
DA:2821,0
DA:2824,0
DA:2827,0
DA:2829,0
DA:2832,0
DA:2836,0
DA:2839,0
DA:2842,0
DA:2846,0
DA:2849,0
DA:2852,0
DA:2855,0
DA:2857,0
DA:2860,0
DA:2863,0
DA:2866,0
DA:2869,0
DA:2872,0
DA:2875,0
DA:2877,0
DA:2880,0
DA:2884,0
DA:2888,0
DA:2891,0
DA:2895,0
DA:2898,0
DA:2901,0
DA:2904,0
DA:2907,0
DA:2910,0
DA:2913,0
DA:2916,0
DA:2919,0
DA:2922,0
DA:2925,0
DA:2928,0
DA:2931,0
DA:2935,0
DA:2938,0
DA:2941,0
DA:2944,0
DA:2947,0
DA:2950,0
DA:2953,0
DA:2956,0
DA:2959,0
DA:2962,0
DA:2965,0
DA:2969,0
DA:2972,0
DA:2975,0
DA:2978,0
DA:2981,0
DA:2984,0
DA:2987,0
DA:2990,0
DA:2993,0
DA:2996,0
DA:2999,0
DA:3002,0
DA:3005,0
DA:3008,0
DA:3010,0
DA:3013,0
DA:3016,0
DA:3019,0
DA:3022,0
DA:3025,0
DA:3028,0
DA:3031,0
DA:3034,0
DA:3037,0
DA:3040,0
DA:3042,0
DA:3045,0
DA:3048,0
DA:3050,0
DA:3053,0
DA:3056,0
DA:3059,0
DA:3062,0
DA:3065,0
DA:3068,0
DA:3072,0
DA:3075,0
DA:3078,0
DA:3081,0
DA:3084,0
DA:3087,0
DA:3090,0
DA:3093,0
DA:3096,0
DA:3099,0
DA:3102,0
DA:3105,0
DA:3108,0
DA:3111,0
DA:3114,0
DA:3117,0
DA:3120,0
DA:3123,0
DA:3126,0
DA:3129,0
DA:3132,0
DA:3135,0
DA:3138,0
DA:3141,0
DA:3144,0
DA:3148,0
LF:1008
LH:15
end_of_record
SF:lib/l10n/app_localizations_fr.dart
DA:9,4
DA:11,0
DA:14,0
DA:17,0
DA:19,0
DA:22,0
DA:25,0
DA:28,0
DA:31,0
DA:34,0
DA:38,0
DA:41,0
DA:44,0
DA:47,0
DA:50,0
DA:54,0
DA:57,0
DA:60,0
DA:64,0
DA:67,0
DA:70,0
DA:74,0
DA:77,0
DA:80,0
DA:83,0
DA:87,0
DA:90,0
DA:93,0
DA:96,0
DA:99,0
DA:102,0
DA:105,0
DA:108,0
DA:111,0
DA:115,0
DA:117,0
DA:120,0
DA:122,0
DA:125,0
DA:128,0
DA:131,0
DA:134,0
DA:137,0
DA:139,0
DA:142,0
DA:144,0
DA:147,0
DA:150,0
DA:153,0
DA:156,0
DA:159,0
DA:162,0
DA:165,0
DA:168,0
DA:171,0
DA:174,0
DA:177,0
DA:180,0
DA:183,0
DA:186,0
DA:189,0
DA:192,0
DA:195,0
DA:198,0
DA:201,0
DA:204,0
DA:207,0
DA:210,0
DA:214,0
DA:218,0
DA:221,0
DA:224,0
DA:227,0
DA:231,0
DA:235,0
DA:239,0
DA:242,0
DA:245,0
DA:248,0
DA:251,0
DA:254,0
DA:257,0
DA:259,0
DA:262,0
DA:265,0
DA:268,0
DA:271,0
DA:274,0
DA:278,0
DA:281,0
DA:284,0
DA:287,0
DA:290,0
DA:293,0
DA:296,0
DA:299,0
DA:302,0
DA:305,0
DA:308,0
DA:311,0
DA:314,0
DA:317,0
DA:320,1
DA:323,1
DA:327,1
DA:331,1
DA:334,1
DA:338,1
DA:341,0
DA:345,1
DA:349,1
DA:352,1
DA:355,1
DA:358,1
DA:361,1
DA:364,1
DA:367,0
DA:370,0
DA:374,0
DA:376,0
DA:379,0
DA:381,0
DA:384,0
DA:386,0
DA:389,0
DA:391,0
DA:394,0
DA:396,0
DA:399,0
DA:402,0
DA:405,0
DA:409,0
DA:412,0
DA:415,0
DA:419,0
DA:422,0
DA:426,0
DA:429,0
DA:432,0
DA:436,0
DA:441,0
DA:444,0
DA:446,0
DA:449,0
DA:451,0
DA:454,0
DA:457,0
DA:460,0
DA:463,0
DA:467,0
DA:471,0
DA:474,0
DA:477,0
DA:480,0
DA:483,0
DA:486,0
DA:489,0
DA:492,0
DA:495,0
DA:498,0
DA:501,0
DA:504,0
DA:508,0
DA:512,0
DA:515,0
DA:519,0
DA:522,0
DA:526,0
DA:529,0
DA:533,0
DA:537,0
DA:541,0
DA:545,0
DA:549,0
DA:553,0
DA:556,0
DA:560,0
DA:563,0
DA:566,0
DA:569,0
DA:573,0
DA:576,0
DA:580,0
DA:583,0
DA:586,0
DA:589,0
DA:592,0
DA:595,0
DA:598,0
DA:601,0
DA:604,0
DA:607,0
DA:611,0
DA:614,0
DA:617,0
DA:621,0
DA:624,0
DA:627,0
DA:630,0
DA:633,0
DA:636,0
DA:639,0
DA:642,0
DA:645,0
DA:648,0
DA:651,0
DA:654,0
DA:657,0
DA:660,0
DA:663,0
DA:665,0
DA:668,0
DA:671,0
DA:674,0
DA:678,0
DA:681,0
DA:684,0
DA:687,0
DA:691,0
DA:695,0
DA:699,0
DA:702,0
DA:705,0
DA:708,0
DA:712,0
DA:715,0
DA:719,0
DA:722,0
DA:725,0
DA:729,0
DA:732,0
DA:735,0
DA:739,0
DA:742,0
DA:745,0
DA:749,0
DA:753,0
DA:757,0
DA:761,0
DA:765,0
DA:768,0
DA:771,0
DA:774,0
DA:778,0
DA:782,0
DA:786,0
DA:789,0
DA:793,0
DA:797,0
DA:801,0
DA:805,0
DA:809,0
DA:813,0
DA:817,0
DA:821,0
DA:825,0
DA:829,0
DA:833,0
DA:837,0
DA:839,0
DA:842,0
DA:845,0
DA:848,0
DA:851,0
DA:854,0
DA:857,0
DA:860,0
DA:863,0
DA:866,0
DA:869,0
DA:872,0
DA:875,0
DA:878,0
DA:881,0
DA:884,0
DA:887,0
DA:890,0
DA:893,0
DA:896,0
DA:899,0
DA:902,0
DA:906,0
DA:908,0
DA:911,0
DA:914,0
DA:918,0
DA:922,0
DA:926,0
DA:930,0
DA:933,0
DA:937,0
DA:940,0
DA:943,0
DA:946,0
DA:949,0
DA:952,0
DA:955,0
DA:958,0
DA:961,0
DA:964,0
DA:967,0
DA:971,0
DA:975,0
DA:978,0
DA:981,0
DA:985,0
DA:987,0
DA:990,0
DA:992,0
DA:995,0
DA:998,0
DA:1002,0
DA:1006,0
DA:1009,0
DA:1012,0
DA:1015,0
DA:1018,0
DA:1021,0
DA:1024,0
DA:1027,0
DA:1030,0
DA:1033,0
DA:1036,0
DA:1039,0
DA:1042,0
DA:1046,0
DA:1049,0
DA:1053,0
DA:1056,0
DA:1059,0
DA:1063,0
DA:1067,0
DA:1071,0
DA:1074,0
DA:1077,0
DA:1080,0
DA:1083,0
DA:1086,0
DA:1089,0
DA:1092,0
DA:1096,0
DA:1099,0
DA:1103,0
DA:1106,0
DA:1110,0
DA:1114,0
DA:1118,0
DA:1121,0
DA:1124,0
DA:1128,0
DA:1131,0
DA:1135,0
DA:1138,0
DA:1141,0
DA:1144,0
DA:1147,0
DA:1150,0
DA:1153,0
DA:1156,0
DA:1159,0
DA:1162,0
DA:1166,0
DA:1170,0
DA:1174,0
DA:1178,0
DA:1182,0
DA:1186,0
DA:1190,0
DA:1194,0
DA:1198,0
DA:1202,0
DA:1205,0
DA:1209,0
DA:1213,0
DA:1217,0
DA:1221,0
DA:1225,0
DA:1229,0
DA:1233,0
DA:1237,0
DA:1240,0
DA:1244,0
DA:1248,0
DA:1252,0
DA:1256,0
DA:1260,0
DA:1264,0
DA:1268,0
DA:1272,0
DA:1276,0
DA:1280,0
DA:1282,0
DA:1285,0
DA:1288,0
DA:1292,0
DA:1296,0
DA:1299,0
DA:1303,0
DA:1306,0
DA:1309,0
DA:1313,0
DA:1316,0
DA:1319,0
DA:1322,0
DA:1325,0
DA:1328,0
DA:1332,0
DA:1335,0
DA:1338,0
DA:1342,0
DA:1345,0
DA:1348,0
DA:1351,0
DA:1354,0
DA:1356,0
DA:1359,0
DA:1362,0
DA:1364,0
DA:1367,0
DA:1371,0
DA:1374,0
DA:1376,0
DA:1379,0
DA:1382,0
DA:1386,0
DA:1389,0
DA:1393,0
DA:1396,0
DA:1399,0
DA:1401,0
DA:1404,0
DA:1406,0
DA:1409,0
DA:1411,0
DA:1414,0
DA:1417,0
DA:1421,0
DA:1424,0
DA:1427,0
DA:1430,0
DA:1433,0
DA:1437,0
DA:1441,0
DA:1444,0
DA:1447,0
DA:1450,0
DA:1454,0
DA:1458,0
DA:1462,0
DA:1465,0
DA:1467,0
DA:1469,0
DA:1474,0
DA:1477,0
DA:1480,0
DA:1482,0
DA:1484,0
DA:1489,0
DA:1492,0
DA:1495,0
DA:1497,0
DA:1499,0
DA:1503,0
DA:1506,0
DA:1509,0
DA:1513,0
DA:1516,0
DA:1520,0
DA:1523,0
DA:1525,0
DA:1528,0
DA:1530,0
DA:1533,0
DA:1536,0
DA:1539,0
DA:1542,0
DA:1544,0
DA:1547,0
DA:1550,0
DA:1553,0
DA:1556,0
DA:1559,0
DA:1562,0
DA:1565,0
DA:1568,0
DA:1571,0
DA:1574,0
DA:1577,0
DA:1580,0
DA:1583,0
DA:1586,0
DA:1589,0
DA:1592,0
DA:1595,0
DA:1598,0
DA:1601,0
DA:1604,0
DA:1607,0
DA:1610,0
DA:1613,0
DA:1616,0
DA:1619,0
DA:1622,0
DA:1625,0
DA:1628,0
DA:1631,0
DA:1634,0
DA:1637,0
DA:1640,0
DA:1643,0
DA:1646,0
DA:1649,0
DA:1652,0
DA:1655,0
DA:1657,0
DA:1660,0
DA:1663,0
DA:1666,0
DA:1669,0
DA:1672,0
DA:1675,0
DA:1678,0
DA:1681,0
DA:1684,0
DA:1687,0
DA:1690,0
DA:1694,0
DA:1698,0
DA:1701,0
DA:1704,0
DA:1707,0
DA:1710,0
DA:1713,0
DA:1716,0
DA:1719,0
DA:1722,0
DA:1725,0
DA:1728,0
DA:1731,0
DA:1734,0
DA:1736,0
DA:1738,0
DA:1739,0
DA:1742,0
DA:1745,0
DA:1748,0
DA:1751,0
DA:1753,0
DA:1756,0
DA:1759,0
DA:1762,0
DA:1765,0
DA:1768,0
DA:1771,0
DA:1774,0
DA:1777,0
DA:1780,0
DA:1783,0
DA:1786,0
DA:1789,0
DA:1791,0
DA:1793,0
DA:1794,0
DA:1797,0
DA:1800,0
DA:1803,0
DA:1806,0
DA:1809,0
DA:1812,0
DA:1815,0
DA:1818,0
DA:1821,0
DA:1825,0
DA:1828,0
DA:1832,0
DA:1836,0
DA:1840,0
DA:1843,0
DA:1846,0
DA:1849,0
DA:1852,0
DA:1855,0
DA:1858,0
DA:1861,0
DA:1863,0
DA:1865,0
DA:1866,0
DA:1869,0
DA:1872,0
DA:1875,0
DA:1878,0
DA:1881,0
DA:1884,0
DA:1887,0
DA:1891,0
DA:1894,0
DA:1897,0
DA:1900,0
DA:1903,0
DA:1906,0
DA:1910,0
DA:1913,0
DA:1916,0
DA:1920,0
DA:1923,0
DA:1926,0
DA:1929,0
DA:1932,0
DA:1935,0
DA:1938,0
DA:1941,0
DA:1944,0
DA:1947,0
DA:1950,0
DA:1953,0
DA:1956,0
DA:1959,0
DA:1962,0
DA:1965,0
DA:1968,0
DA:1971,0
DA:1973,0
DA:1976,0
DA:1979,0
DA:1982,0
DA:1985,0
DA:1988,0
DA:1991,0
DA:1994,0
DA:1997,0
DA:2000,0
DA:2003,0
DA:2006,0
DA:2009,0
DA:2012,0
DA:2015,0
DA:2018,0
DA:2021,0
DA:2024,0
DA:2027,0
DA:2030,0
DA:2033,0
DA:2036,0
DA:2039,0
DA:2042,0
DA:2046,0
DA:2049,0
DA:2053,0
DA:2057,0
DA:2060,0
DA:2063,0
DA:2066,0
DA:2070,0
DA:2074,0
DA:2078,0
DA:2081,0
DA:2084,0
DA:2087,0
DA:2090,0
DA:2093,0
DA:2096,0
DA:2099,0
DA:2102,0
DA:2105,0
DA:2108,0
DA:2111,0
DA:2114,0
DA:2117,0
DA:2121,0
DA:2124,0
DA:2127,0
DA:2130,0
DA:2133,0
DA:2136,0
DA:2139,0
DA:2142,0
DA:2145,0
DA:2148,0
DA:2151,0
DA:2154,0
DA:2157,0
DA:2160,0
DA:2163,0
DA:2166,0
DA:2169,0
DA:2172,0
DA:2175,0
DA:2178,0
DA:2181,0
DA:2184,0
DA:2187,0
DA:2190,0
DA:2193,0
DA:2196,0
DA:2199,0
DA:2202,0
DA:2205,0
DA:2209,0
DA:2213,0
DA:2216,0
DA:2219,0
DA:2222,0
DA:2225,0
DA:2228,0
DA:2231,0
DA:2234,0
DA:2237,0
DA:2240,0
DA:2243,0
DA:2246,0
DA:2249,0
DA:2252,0
DA:2255,0
DA:2258,0
DA:2261,0
DA:2264,0
DA:2267,0
DA:2270,0
DA:2273,0
DA:2276,0
DA:2278,0
DA:2281,0
DA:2283,0
DA:2286,0
DA:2289,0
DA:2292,0
DA:2295,0
DA:2298,0
DA:2300,0
DA:2303,0
DA:2306,0
DA:2308,0
DA:2311,0
DA:2314,0
DA:2317,0
DA:2320,0
DA:2323,0
DA:2326,0
DA:2329,0
DA:2332,0
DA:2335,0
DA:2338,0
DA:2341,0
DA:2345,0
DA:2348,0
DA:2351,0
DA:2354,0
DA:2357,0
DA:2360,0
DA:2363,0
DA:2366,0
DA:2370,0
DA:2373,0
DA:2376,0
DA:2379,0
DA:2382,0
DA:2385,0
DA:2388,0
DA:2391,0
DA:2394,0
DA:2396,0
DA:2398,0
DA:2399,0
DA:2403,0
DA:2406,0
DA:2409,0
DA:2412,0
DA:2415,0
DA:2418,0
DA:2421,0
DA:2424,0
DA:2427,0
DA:2430,0
DA:2433,0
DA:2436,0
DA:2439,0
DA:2442,0
DA:2445,0
DA:2449,0
DA:2452,0
DA:2455,0
DA:2458,0
DA:2461,0
DA:2464,0
DA:2467,0
DA:2470,0
DA:2473,0
DA:2476,0
DA:2479,0
DA:2482,0
DA:2485,0
DA:2489,0
DA:2492,0
DA:2495,0
DA:2498,0
DA:2501,0
DA:2505,0
DA:2508,0
DA:2511,0
DA:2514,0
DA:2517,0
DA:2520,0
DA:2523,0
DA:2526,0
DA:2529,0
DA:2533,0
DA:2536,1
DA:2540,0
DA:2543,0
DA:2546,0
DA:2549,0
DA:2552,0
DA:2555,0
DA:2558,0
DA:2561,0
DA:2564,0
DA:2568,0
DA:2572,0
DA:2576,0
DA:2580,0
DA:2584,0
DA:2588,0
DA:2590,0
DA:2593,0
DA:2596,0
DA:2599,0
DA:2602,0
DA:2605,0
DA:2608,0
DA:2611,0
DA:2615,0
DA:2618,0
DA:2621,0
DA:2624,0
DA:2627,0
DA:2630,0
DA:2633,0
DA:2636,0
DA:2639,0
DA:2642,0
DA:2645,0
DA:2648,0
DA:2651,0
DA:2654,0
DA:2657,0
DA:2660,0
DA:2663,0
DA:2666,0
DA:2669,0
DA:2672,0
DA:2675,0
DA:2678,0
DA:2681,0
DA:2684,0
DA:2687,0
DA:2690,0
DA:2693,0
DA:2696,0
DA:2699,0
DA:2702,0
DA:2705,0
DA:2707,0
DA:2710,0
DA:2713,0
DA:2716,0
DA:2719,0
DA:2722,0
DA:2725,0
DA:2728,0
DA:2731,0
DA:2734,0
DA:2738,0
DA:2741,0
DA:2745,0
DA:2748,0
DA:2751,0
DA:2754,0
DA:2757,0
DA:2760,0
DA:2763,0
DA:2766,0
DA:2769,0
DA:2772,0
DA:2776,0
DA:2780,0
DA:2784,0
DA:2787,0
DA:2790,0
DA:2794,0
DA:2798,0
DA:2802,0
DA:2806,0
DA:2810,0
DA:2813,0
DA:2817,0
DA:2821,0
DA:2824,0
DA:2828,0
DA:2831,0
DA:2833,0
DA:2836,0
DA:2839,0
DA:2841,0
DA:2844,0
DA:2848,0
DA:2851,0
DA:2854,0
DA:2858,0
DA:2861,0
DA:2864,0
DA:2867,0
DA:2869,0
DA:2872,0
DA:2875,0
DA:2878,0
DA:2881,0
DA:2884,0
DA:2887,0
DA:2889,0
DA:2892,0
DA:2896,0
DA:2900,0
DA:2903,0
DA:2907,0
DA:2910,0
DA:2913,0
DA:2916,0
DA:2919,0
DA:2922,0
DA:2925,0
DA:2928,0
DA:2931,0
DA:2934,0
DA:2937,0
DA:2940,0
DA:2943,0
DA:2947,0
DA:2950,0
DA:2953,0
DA:2956,0
DA:2959,0
DA:2962,0
DA:2965,0
DA:2968,0
DA:2971,0
DA:2974,0
DA:2977,0
DA:2981,0
DA:2984,0
DA:2987,0
DA:2990,0
DA:2993,0
DA:2996,0
DA:2999,0
DA:3002,0
DA:3005,0
DA:3008,0
DA:3011,0
DA:3014,0
DA:3017,0
DA:3020,0
DA:3022,0
DA:3025,0
DA:3028,0
DA:3031,0
DA:3034,0
DA:3037,0
DA:3040,0
DA:3043,0
DA:3046,0
DA:3049,0
DA:3052,0
DA:3054,0
DA:3057,0
DA:3060,0
DA:3062,0
DA:3065,0
DA:3068,0
DA:3071,0
DA:3074,0
DA:3077,0
DA:3080,0
DA:3084,0
DA:3087,0
DA:3090,0
DA:3093,0
DA:3096,0
DA:3099,0
DA:3102,0
DA:3105,0
DA:3108,0
DA:3111,0
DA:3114,0
DA:3117,0
DA:3120,0
DA:3123,0
DA:3126,0
DA:3129,0
DA:3132,0
DA:3135,0
DA:3138,0
DA:3141,0
DA:3144,0
DA:3147,0
DA:3150,0
DA:3153,0
DA:3156,0
DA:3160,0
LF:1008
LH:15
end_of_record
SF:lib/l10n/app_localizations_tr.dart
DA:9,6
DA:11,1
DA:14,0
DA:17,0
DA:19,0
DA:22,0
DA:25,0
DA:28,0
DA:31,0
DA:34,0
DA:37,0
DA:40,0
DA:43,0
DA:46,0
DA:49,0
DA:52,0
DA:55,0
DA:58,0
DA:61,0
DA:64,0
DA:67,0
DA:71,0
DA:74,0
DA:77,0
DA:80,0
DA:83,0
DA:86,0
DA:89,0
DA:92,0
DA:95,0
DA:98,0
DA:101,0
DA:104,0
DA:107,0
DA:111,0
DA:113,0
DA:116,0
DA:118,0
DA:121,0
DA:124,0
DA:127,0
DA:130,0
DA:133,0
DA:135,0
DA:138,0
DA:140,0
DA:143,0
DA:146,0
DA:149,0
DA:152,0
DA:155,0
DA:158,0
DA:161,0
DA:164,0
DA:167,0
DA:170,0
DA:173,0
DA:176,0
DA:179,0
DA:182,0
DA:185,0
DA:188,0
DA:191,0
DA:194,0
DA:197,0
DA:200,0
DA:203,0
DA:206,0
DA:209,0
DA:213,0
DA:216,0
DA:219,0
DA:222,0
DA:226,0
DA:229,0
DA:233,0
DA:236,0
DA:239,0
DA:242,0
DA:245,0
DA:248,0
DA:251,0
DA:253,0
DA:256,0
DA:259,0
DA:262,0
DA:265,0
DA:268,0
DA:272,0
DA:275,0
DA:278,0
DA:281,0
DA:284,0
DA:287,0
DA:290,0
DA:293,0
DA:296,0
DA:299,0
DA:302,0
DA:305,0
DA:308,0
DA:311,0
DA:314,1
DA:317,1
DA:320,1
DA:324,1
DA:327,1
DA:330,1
DA:333,0
DA:336,1
DA:339,1
DA:342,1
DA:345,1
DA:348,1
DA:351,1
DA:354,1
DA:358,0
DA:361,0
DA:365,0
DA:367,0
DA:370,0
DA:372,0
DA:375,0
DA:377,0
DA:380,0
DA:382,0
DA:385,0
DA:387,0
DA:390,0
DA:393,0
DA:396,0
DA:400,0
DA:403,0
DA:407,0
DA:411,0
DA:414,0
DA:418,0
DA:421,0
DA:425,0
DA:429,0
DA:434,0
DA:437,0
DA:439,0
DA:442,0
DA:444,0
DA:447,0
DA:450,0
DA:453,0
DA:456,0
DA:459,0
DA:462,0
DA:465,0
DA:468,0
DA:471,0
DA:474,0
DA:477,0
DA:480,0
DA:483,0
DA:486,0
DA:489,0
DA:492,0
DA:495,0
DA:499,0
DA:503,0
DA:506,0
DA:510,0
DA:513,0
DA:517,0
DA:520,0
DA:524,0
DA:528,0
DA:532,0
DA:536,0
DA:540,0
DA:544,0
DA:547,0
DA:551,0
DA:554,0
DA:557,0
DA:560,0
DA:564,0
DA:567,0
DA:570,0
DA:573,0
DA:576,0
DA:579,0
DA:582,0
DA:585,0
DA:588,0
DA:591,0
DA:594,0
DA:597,0
DA:601,0
DA:604,0
DA:607,0
DA:611,0
DA:614,0
DA:617,0
DA:620,0
DA:623,0
DA:626,0
DA:629,0
DA:632,0
DA:635,0
DA:638,0
DA:641,0
DA:644,0
DA:647,0
DA:650,0
DA:653,0
DA:655,0
DA:658,0
DA:661,0
DA:664,0
DA:667,0
DA:670,0
DA:673,0
DA:676,0
DA:679,0
DA:682,0
DA:685,0
DA:688,0
DA:691,0
DA:694,0
DA:698,0
DA:701,0
DA:705,0
DA:708,0
DA:711,0
DA:715,0
DA:718,0
DA:721,0
DA:725,0
DA:728,0
DA:732,0
DA:736,0
DA:740,0
DA:744,0
DA:747,0
DA:750,0
DA:753,0
DA:756,0
DA:759,0
DA:763,0
DA:767,0
DA:771,0
DA:774,0
DA:778,0
DA:782,0
DA:786,0
DA:790,0
DA:794,0
DA:798,0
DA:802,0
DA:806,0
DA:810,0
DA:813,0
DA:817,0
DA:821,0
DA:823,0
DA:826,0
DA:829,0
DA:832,0
DA:835,0
DA:838,0
DA:841,0
DA:844,0
DA:847,0
DA:850,0
DA:853,0
DA:856,0
DA:859,0
DA:862,0
DA:865,0
DA:868,0
DA:871,0
DA:874,0
DA:877,0
DA:880,0
DA:883,0
DA:886,0
DA:890,0
DA:892,0
DA:895,0
DA:898,0
DA:902,0
DA:906,0
DA:910,0
DA:914,0
DA:917,0
DA:921,0
DA:924,0
DA:927,0
DA:930,0
DA:933,0
DA:936,0
DA:939,0
DA:942,0
DA:945,0
DA:948,0
DA:951,0
DA:955,0
DA:959,0
DA:962,0
DA:965,0
DA:968,0
DA:970,0
DA:973,0
DA:975,0
DA:978,0
DA:981,0
DA:985,0
DA:988,0
DA:991,0
DA:994,0
DA:997,0
DA:1000,0
DA:1003,0
DA:1006,0
DA:1009,0
DA:1012,0
DA:1015,0
DA:1018,0
DA:1021,0
DA:1024,0
DA:1027,0
DA:1030,0
DA:1033,0
DA:1036,0
DA:1039,0
DA:1043,0
DA:1047,0
DA:1051,0
DA:1055,0
DA:1058,0
DA:1061,0
DA:1064,0
DA:1067,0
DA:1070,0
DA:1073,0
DA:1077,0
DA:1080,0
DA:1084,0
DA:1088,0
DA:1092,0
DA:1096,0
DA:1100,0
DA:1103,0
DA:1106,0
DA:1110,0
DA:1113,0
DA:1117,0
DA:1120,0
DA:1123,0
DA:1126,0
DA:1129,0
DA:1132,0
DA:1135,0
DA:1138,0
DA:1141,0
DA:1144,0
DA:1148,0
DA:1152,0
DA:1156,0
DA:1160,0
DA:1164,0
DA:1168,0
DA:1172,0
DA:1176,0
DA:1180,0
DA:1184,0
DA:1187,0
DA:1191,0
DA:1195,0
DA:1199,0
DA:1203,0
DA:1207,0
DA:1211,0
DA:1215,0
DA:1219,0
DA:1222,0
DA:1225,0
DA:1229,0
DA:1233,0
DA:1237,0
DA:1241,0
DA:1244,0
DA:1247,0
DA:1251,0
DA:1255,0
DA:1258,0
DA:1260,0
DA:1263,0
DA:1267,0
DA:1271,0
DA:1275,0
DA:1278,0
DA:1282,0
DA:1285,0
DA:1288,0
DA:1292,0
DA:1295,0
DA:1298,0
DA:1301,0
DA:1304,0
DA:1307,0
DA:1311,0
DA:1314,0
DA:1317,0
DA:1321,0
DA:1324,0
DA:1327,0
DA:1330,0
DA:1333,0
DA:1335,0
DA:1338,0
DA:1341,0
DA:1343,0
DA:1346,0
DA:1350,0
DA:1353,0
DA:1355,0
DA:1358,0
DA:1361,0
DA:1365,0
DA:1368,0
DA:1372,0
DA:1375,0
DA:1378,0
DA:1380,0
DA:1383,0
DA:1385,0
DA:1388,0
DA:1390,0
DA:1393,0
DA:1396,0
DA:1399,0
DA:1402,0
DA:1405,0
DA:1408,0
DA:1411,0
DA:1415,0
DA:1418,0
DA:1421,0
DA:1424,0
DA:1427,0
DA:1431,0
DA:1435,0
DA:1439,0
DA:1442,0
DA:1444,0
DA:1446,0
DA:1451,0
DA:1454,0
DA:1457,0
DA:1459,0
DA:1461,0
DA:1466,0
DA:1469,0
DA:1472,0
DA:1474,0
DA:1476,0
DA:1480,0
DA:1483,0
DA:1486,0
DA:1490,0
DA:1493,0
DA:1497,0
DA:1500,0
DA:1502,0
DA:1505,0
DA:1507,0
DA:1510,0
DA:1513,0
DA:1516,0
DA:1519,0
DA:1521,0
DA:1524,0
DA:1527,0
DA:1530,0
DA:1533,0
DA:1536,0
DA:1539,0
DA:1542,0
DA:1545,0
DA:1548,0
DA:1551,0
DA:1554,0
DA:1557,0
DA:1560,0
DA:1563,0
DA:1566,0
DA:1569,0
DA:1572,0
DA:1575,0
DA:1578,0
DA:1581,0
DA:1584,0
DA:1587,0
DA:1590,0
DA:1593,0
DA:1596,0
DA:1599,0
DA:1602,0
DA:1605,0
DA:1608,0
DA:1611,0
DA:1614,0
DA:1617,0
DA:1620,0
DA:1623,0
DA:1626,0
DA:1629,0
DA:1632,0
DA:1634,0
DA:1637,0
DA:1640,0
DA:1643,0
DA:1646,0
DA:1649,0
DA:1652,0
DA:1655,0
DA:1658,0
DA:1661,0
DA:1664,0
DA:1667,0
DA:1670,0
DA:1673,0
DA:1676,0
DA:1679,0
DA:1682,0
DA:1685,0
DA:1688,0
DA:1691,0
DA:1694,0
DA:1697,0
DA:1700,0
DA:1703,0
DA:1706,0
DA:1709,0
DA:1711,0
DA:1713,0
DA:1714,0
DA:1717,0
DA:1720,0
DA:1723,0
DA:1726,0
DA:1728,0
DA:1731,0
DA:1734,0
DA:1737,0
DA:1740,0
DA:1743,0
DA:1746,0
DA:1749,0
DA:1752,0
DA:1755,0
DA:1758,0
DA:1761,0
DA:1764,0
DA:1766,0
DA:1768,0
DA:1769,0
DA:1772,0
DA:1775,0
DA:1778,0
DA:1781,0
DA:1784,0
DA:1787,0
DA:1790,0
DA:1793,0
DA:1796,0
DA:1800,0
DA:1803,0
DA:1807,0
DA:1811,0
DA:1815,0
DA:1818,0
DA:1821,0
DA:1824,0
DA:1827,0
DA:1830,0
DA:1833,0
DA:1836,0
DA:1838,0
DA:1840,0
DA:1841,0
DA:1844,0
DA:1847,0
DA:1850,0
DA:1853,0
DA:1856,0
DA:1859,0
DA:1862,0
DA:1866,0
DA:1869,0
DA:1872,0
DA:1875,0
DA:1878,0
DA:1881,0
DA:1884,0
DA:1887,0
DA:1890,0
DA:1894,0
DA:1897,0
DA:1900,0
DA:1903,0
DA:1906,0
DA:1909,0
DA:1912,0
DA:1915,0
DA:1918,0
DA:1921,0
DA:1924,0
DA:1927,0
DA:1930,0
DA:1933,0
DA:1936,0
DA:1939,0
DA:1942,0
DA:1945,0
DA:1947,0
DA:1950,0
DA:1953,0
DA:1956,0
DA:1959,0
DA:1962,0
DA:1965,0
DA:1968,0
DA:1971,0
DA:1974,0
DA:1977,0
DA:1980,0
DA:1983,0
DA:1986,0
DA:1989,0
DA:1992,0
DA:1995,0
DA:1998,0
DA:2001,0
DA:2004,0
DA:2007,0
DA:2010,0
DA:2013,0
DA:2016,0
DA:2020,0
DA:2024,0
DA:2028,0
DA:2031,0
DA:2034,0
DA:2037,0
DA:2040,0
DA:2044,0
DA:2048,0
DA:2052,0
DA:2055,0
DA:2058,0
DA:2061,0
DA:2064,0
DA:2067,0
DA:2070,0
DA:2073,0
DA:2076,0
DA:2079,0
DA:2082,0
DA:2085,0
DA:2088,0
DA:2091,0
DA:2095,0
DA:2098,0
DA:2101,0
DA:2104,0
DA:2107,0
DA:2110,0
DA:2113,0
DA:2116,0
DA:2119,0
DA:2122,0
DA:2125,0
DA:2128,0
DA:2131,0
DA:2134,0
DA:2137,0
DA:2140,0
DA:2143,0
DA:2146,0
DA:2149,0
DA:2152,0
DA:2155,0
DA:2158,0
DA:2161,0
DA:2164,0
DA:2167,0
DA:2170,0
DA:2173,0
DA:2176,0
DA:2179,0
DA:2183,0
DA:2187,0
DA:2190,0
DA:2193,0
DA:2196,0
DA:2199,0
DA:2202,0
DA:2205,0
DA:2208,0
DA:2211,0
DA:2214,0
DA:2217,0
DA:2220,0
DA:2223,0
DA:2226,0
DA:2229,0
DA:2232,0
DA:2235,0
DA:2238,0
DA:2241,0
DA:2244,0
DA:2247,0
DA:2250,0
DA:2252,0
DA:2255,0
DA:2257,0
DA:2260,0
DA:2263,0
DA:2266,0
DA:2269,0
DA:2272,0
DA:2274,0
DA:2277,0
DA:2280,0
DA:2282,0
DA:2285,0
DA:2288,0
DA:2291,0
DA:2294,0
DA:2297,0
DA:2300,0
DA:2303,0
DA:2306,0
DA:2309,0
DA:2312,0
DA:2315,0
DA:2319,0
DA:2322,0
DA:2325,0
DA:2328,0
DA:2331,0
DA:2334,0
DA:2337,0
DA:2340,0
DA:2344,0
DA:2347,0
DA:2350,0
DA:2353,0
DA:2356,0
DA:2359,0
DA:2362,0
DA:2365,0
DA:2368,0
DA:2370,0
DA:2372,0
DA:2373,0
DA:2377,0
DA:2380,0
DA:2383,0
DA:2386,0
DA:2389,0
DA:2392,0
DA:2395,0
DA:2398,0
DA:2401,0
DA:2404,0
DA:2407,0
DA:2410,0
DA:2413,0
DA:2416,0
DA:2419,0
DA:2423,0
DA:2426,0
DA:2429,0
DA:2432,0
DA:2435,0
DA:2438,0
DA:2441,0
DA:2444,0
DA:2447,0
DA:2450,0
DA:2453,0
DA:2456,0
DA:2459,0
DA:2463,0
DA:2466,0
DA:2469,0
DA:2472,0
DA:2475,0
DA:2478,0
DA:2481,0
DA:2484,0
DA:2487,0
DA:2490,0
DA:2493,0
DA:2496,0
DA:2499,0
DA:2502,0
DA:2506,0
DA:2509,1
DA:2513,0
DA:2516,0
DA:2519,0
DA:2522,0
DA:2525,0
DA:2528,0
DA:2531,0
DA:2534,0
DA:2537,0
DA:2541,0
DA:2545,0
DA:2549,0
DA:2553,0
DA:2557,0
DA:2561,0
DA:2563,0
DA:2566,0
DA:2569,0
DA:2572,0
DA:2575,0
DA:2578,0
DA:2581,0
DA:2584,0
DA:2588,0
DA:2591,0
DA:2594,0
DA:2597,0
DA:2600,0
DA:2603,0
DA:2606,0
DA:2609,0
DA:2612,0
DA:2615,0
DA:2618,0
DA:2621,0
DA:2624,0
DA:2627,0
DA:2630,0
DA:2633,0
DA:2636,0
DA:2639,0
DA:2642,0
DA:2645,0
DA:2648,0
DA:2651,0
DA:2654,0
DA:2657,0
DA:2660,0
DA:2663,0
DA:2666,0
DA:2669,0
DA:2672,0
DA:2675,0
DA:2678,0
DA:2680,0
DA:2683,0
DA:2686,0
DA:2689,0
DA:2692,0
DA:2695,0
DA:2698,0
DA:2701,0
DA:2704,0
DA:2707,0
DA:2711,0
DA:2714,0
DA:2718,0
DA:2721,0
DA:2724,0
DA:2727,0
DA:2730,0
DA:2733,0
DA:2736,0
DA:2739,0
DA:2742,0
DA:2745,0
DA:2749,0
DA:2753,0
DA:2757,0
DA:2760,0
DA:2763,0
DA:2767,0
DA:2770,0
DA:2773,0
DA:2776,0
DA:2779,0
DA:2782,0
DA:2785,0
DA:2788,0
DA:2791,0
DA:2794,0
DA:2797,0
DA:2799,0
DA:2802,0
DA:2805,0
DA:2807,0
DA:2810,0
DA:2814,0
DA:2817,0
DA:2820,0
DA:2824,0
DA:2827,0
DA:2830,0
DA:2833,0
DA:2835,0
DA:2838,0
DA:2841,0
DA:2844,0
DA:2847,0
DA:2850,0
DA:2853,0
DA:2855,0
DA:2858,0
DA:2862,0
DA:2866,0
DA:2869,0
DA:2873,0
DA:2876,0
DA:2879,0
DA:2882,0
DA:2885,0
DA:2888,0
DA:2891,0
DA:2894,0
DA:2897,0
DA:2900,0
DA:2903,0
DA:2906,0
DA:2909,0
DA:2913,0
DA:2916,0
DA:2919,0
DA:2922,0
DA:2925,0
DA:2928,0
DA:2931,0
DA:2934,0
DA:2937,0
DA:2940,0
DA:2943,0
DA:2947,0
DA:2950,0
DA:2953,0
DA:2956,0
DA:2959,0
DA:2962,0
DA:2965,0
DA:2968,0
DA:2971,0
DA:2974,0
DA:2977,0
DA:2980,0
DA:2983,0
DA:2986,0
DA:2988,0
DA:2991,0
DA:2994,0
DA:2997,0
DA:3000,0
DA:3003,0
DA:3006,0
DA:3009,0
DA:3012,0
DA:3015,0
DA:3018,0
DA:3020,0
DA:3023,0
DA:3026,0
DA:3028,0
DA:3031,0
DA:3034,0
DA:3037,0
DA:3040,0
DA:3043,0
DA:3046,0
DA:3050,0
DA:3053,0
DA:3056,0
DA:3059,0
DA:3062,0
DA:3065,0
DA:3068,0
DA:3071,0
DA:3074,0
DA:3077,0
DA:3080,0
DA:3083,0
DA:3086,0
DA:3089,0
DA:3092,0
DA:3095,0
DA:3098,0
DA:3101,0
DA:3104,0
DA:3107,0
DA:3110,0
DA:3113,0
DA:3116,0
DA:3119,0
DA:3122,0
DA:3125,0
LF:1008
LH:16
end_of_record
SF:lib/app/config/app_constants.dart
DA:5,0
LF:1
LH:0
end_of_record
SF:lib/app/extensions/build_context_l10n.dart
DA:6,117
DA:7,117
DA:8,24
LF:3
LH:3
end_of_record
SF:lib/l10n/app_localizations.dart
DA:69,136
DA:70,272
DA:74,26
DA:75,26
DA:5737,4
DA:5739,108
DA:5741,216
DA:5744,107
DA:5745,107
DA:5752,214
DA:5754,13
DA:5758,108
DA:5760,108
DA:5761,108
DA:5762,2
DA:5763,107
DA:5764,0
DA:5765,107
DA:5766,107
DA:5767,1
DA:5768,0
DA:5769,1
DA:5770,0
DA:5771,1
DA:5772,1
DA:5775,0
LF:26
LH:22
end_of_record
SF:lib/app/extensions/type_safe_bloc_access.dart
DA:32,66
DA:34,66
DA:35,4
DA:36,4
DA:37,8
DA:57,132
DA:63,25
DA:65,25
DA:66,15
DA:75,50
DA:88,1
DA:89,1
DA:90,1
DA:104,3
DA:106,3
DA:107,1
DA:108,1
DA:109,2
DA:129,6
DA:141,3
DA:142,6
DA:156,21
DA:160,84
DA:161,1
DA:162,1
DA:163,2
LF:26
LH:26
end_of_record
SF:lib/app/router/app_routes.dart
DA:7,0
DA:49,2
DA:50,2
DA:51,6
DA:52,6
LF:5
LH:4
end_of_record
SF:lib/app/router/app_routes_auth.part.dart
DA:7,2
DA:8,2
DA:11,2
DA:12,1
DA:13,1
DA:15,2
DA:18,2
DA:23,6
DA:24,6
DA:25,12
DA:26,6
DA:27,6
DA:29,18
LF:13
LH:13
end_of_record
SF:lib/app/theme/app_theme.dart
DA:28,0
DA:34,14
DA:36,7
DA:37,7
DA:44,14
DA:46,7
DA:50,7
DA:57,7
DA:58,7
DA:59,7
DA:60,7
DA:62,14
DA:63,7
DA:64,7
DA:65,7
DA:66,14
DA:67,14
DA:68,14
DA:75,2
DA:76,2
LF:20
LH:19
end_of_record
SF:lib/app/utils/context_utils.dart
DA:6,0
DA:10,1
DA:14,1
DA:18,1
DA:23,3
DA:24,3
DA:25,3
LF:7
LH:6
end_of_record
SF:lib/app/utils/cubit_async_operations.dart
DA:13,0
DA:28,33
DA:41,3
DA:42,3
DA:44,3
DA:50,3
DA:55,29
DA:58,29
DA:62,4
DA:63,0
DA:64,4
DA:65,4
DA:69,29
DA:76,29
DA:77,29
DA:78,0
DA:82,29
DA:83,1
DA:86,29
DA:87,29
DA:93,11
DA:94,21
DA:97,0
DA:122,71
DA:135,71
DA:136,64
DA:137,64
DA:139,32
DA:140,32
DA:167,35
DA:179,35
DA:181,45
LF:32
LH:28
end_of_record
SF:lib/app/utils/network_error_mapper.dart
DA:21,0
DA:24,12
DA:27,4
DA:30,4
DA:33,1
DA:34,1
DA:37,2
DA:43,1
DA:46,1
DA:49,6
DA:52,6
DA:55,1
DA:56,1
LF:13
LH:12
end_of_record
SF:lib/app/utils/network_error_mapper_app_error.dart
DA:3,9
DA:8,9
DA:12,9
DA:13,0
DA:16,9
DA:17,3
DA:20,7
DA:22,14
DA:26,3
DA:27,3
DA:29,0
DA:32,0
DA:33,0
DA:38,3
DA:39,3
DA:40,3
DA:41,3
DA:42,0
DA:46,3
DA:47,3
DA:55,0
DA:56,0
DA:57,0
DA:62,7
DA:66,7
DA:67,2
DA:73,6
DA:74,1
DA:80,6
DA:81,1
DA:87,6
DA:88,1
DA:94,6
DA:95,1
DA:98,1
DA:102,6
DA:103,1
DA:109,6
DA:110,0
DA:116,6
DA:117,6
DA:118,1
DA:121,1
DA:127,6
DA:128,0
DA:139,4
DA:143,4
DA:144,1
DA:147,4
DA:148,4
DA:158,1
DA:161,2
DA:162,1
DA:170,1
DA:173,1
DA:177,2
DA:178,1
DA:179,1
DA:187,3
DA:188,2
DA:189,1
DA:192,0
DA:193,0
DA:200,0
DA:203,4
DA:208,4
DA:209,4
DA:215,1
DA:219,1
DA:220,1
LF:70
LH:57
end_of_record
SF:lib/app/utils/network_error_mapper_classification.dart
DA:3,1
DA:5,1
DA:6,2
DA:7,1
DA:8,1
DA:9,1
DA:10,2
DA:11,0
DA:12,0
DA:16,1
DA:17,1
DA:18,0
DA:21,1
DA:22,0
DA:25,1
DA:27,0
DA:28,0
DA:29,0
DA:30,0
DA:42,2
DA:43,1
DA:46,1
DA:50,1
DA:51,1
DA:52,1
DA:55,0
DA:58,0
DA:59,0
DA:60,0
DA:61,0
DA:64,0
DA:67,0
DA:70,0
DA:76,6
DA:77,12
DA:81,2
DA:84,1
DA:85,9
DA:89,3
DA:91,3
DA:95,6
DA:96,3
DA:97,3
DA:98,3
DA:101,3
DA:103,3
DA:105,0
DA:106,0
DA:107,0
DA:109,0
DA:110,0
DA:114,9
DA:115,9
DA:118,1
DA:119,1
DA:120,1
DA:121,1
DA:122,1
DA:123,1
DA:124,1
DA:126,9
DA:127,17
DA:129,16
DA:131,6
DA:132,12
DA:134,6
DA:135,12
DA:137,6
DA:138,12
DA:140,6
DA:141,12
DA:143,6
DA:144,12
DA:146,0
DA:147,0
DA:148,0
DA:149,0
DA:150,0
LF:78
LH:52
end_of_record
SF:lib/app/utils/network_error_mapper_messages.dart
DA:3,4
DA:8,4
DA:9,4
DA:10,4
DA:16,1
DA:17,2
DA:23,1
DA:27,1
DA:28,0
DA:31,1
DA:32,0
DA:35,1
DA:36,0
DA:39,1
DA:40,0
DA:43,1
DA:44,0
DA:51,1
DA:52,0
DA:55,1
DA:56,0
DA:62,1
DA:63,0
DA:69,1
DA:73,2
DA:74,1
DA:75,2
DA:76,1
DA:77,2
DA:78,2
DA:82,4
DA:83,3
DA:84,1
DA:88,4
DA:93,4
DA:94,0
DA:95,4
DA:96,1
DA:98,1
DA:99,0
DA:101,1
DA:102,0
DA:104,1
DA:105,0
DA:106,3
DA:107,1
DA:109,0
DA:111,0
DA:114,1
DA:118,2
DA:119,0
DA:120,1
DA:121,0
DA:125,1
DA:126,0
LF:55
LH:38
end_of_record
SF:lib/app/utils/error_handling.dart
DA:12,0
DA:14,8
DA:19,8
DA:20,0
DA:23,8
DA:30,8
DA:32,1
DA:39,1
DA:40,1
DA:41,1
DA:45,0
DA:49,7
DA:55,7
DA:57,7
DA:58,7
DA:67,2
DA:73,2
DA:74,0
DA:77,4
DA:78,2
DA:80,2
DA:81,2
DA:84,2
DA:96,1
DA:102,1
DA:103,0
DA:108,2
DA:111,1
DA:112,2
DA:117,1
DA:125,10
DA:126,10
DA:127,0
DA:130,10
DA:134,10
DA:137,0
DA:147,3
DA:151,3
DA:152,0
DA:155,3
DA:159,3
DA:162,0
DA:169,2
DA:173,2
DA:174,0
DA:178,2
DA:181,2
DA:182,2
DA:184,1
DA:185,1
DA:186,1
DA:188,2
DA:189,2
DA:194,2
DA:195,2
DA:196,2
DA:198,4
DA:199,4
DA:208,2
DA:209,2
DA:210,0
DA:213,2
LF:62
LH:51
end_of_record
SF:lib/app/utils/navigation.dart
DA:9,0
DA:13,19
DA:18,19
DA:22,19
DA:25,18
DA:30,2
DA:31,2
DA:33,1
DA:41,1
DA:49,1
DA:50,1
DA:52,1
DA:53,1
DA:54,1
DA:58,1
DA:59,0
DA:60,0
LF:17
LH:14
end_of_record
SF:lib/features/staff_app_demo/domain/staff_demo_event_proof_submit_exception.dart
DA:2,3
DA:7,2
DA:11,0
DA:12,0
LF:4
LH:2
end_of_record
SF:lib/features/staff_app_demo/domain/staff_demo_proof_pick_memory.dart
DA:6,3
DA:8,9
DA:14,6
DA:16,3
DA:18,9
DA:19,9
DA:24,3
DA:25,3
DA:28,6
DA:29,2
DA:33,3
DA:34,3
DA:37,6
DA:38,3
DA:42,2
DA:43,2
DA:44,4
LF:17
LH:17
end_of_record
SF:lib/features/staff_app_demo/domain/staff_demo_proof_submit_eligibility.dart
DA:12,2
DA:17,4
DA:20,4
DA:23,4
DA:29,0
DA:31,0
DA:32,0
DA:34,0
LF:8
LH:4
end_of_record
SF:lib/features/staff_app_demo/presentation/cubit/staff_demo_proof_cubit_submit.part.dart
DA:4,1
DA:8,4
DA:11,3
DA:13,1
DA:16,2
DA:19,0
DA:20,0
DA:22,0
DA:28,3
DA:33,3
DA:34,1
DA:36,2
DA:37,1
DA:38,1
DA:39,3
DA:47,1
DA:48,3
DA:50,1
DA:51,1
DA:52,1
DA:53,3
DA:61,1
DA:62,4
DA:64,2
DA:66,1
DA:67,1
DA:71,1
DA:72,1
DA:73,3
DA:79,1
DA:80,1
DA:81,1
DA:82,3
DA:87,0
DA:88,0
DA:89,0
DA:90,0
DA:91,0
DA:92,0
DA:93,0
DA:94,0
DA:95,0
DA:96,0
DA:106,1
LF:44
LH:31
end_of_record
SF:lib/features/staff_app_demo/presentation/cubit/staff_demo_proof_cubit.dart
DA:19,2
DA:28,2
DA:33,2
DA:45,2
DA:47,2
DA:48,2
DA:56,2
DA:57,2
DA:60,1
DA:61,5
DA:64,0
DA:65,0
DA:68,1
DA:69,1
DA:70,1
DA:74,1
DA:75,1
DA:80,1
DA:81,2
DA:84,2
DA:85,8
DA:89,1
DA:90,3
DA:93,1
DA:94,3
DA:96,1
DA:99,1
DA:102,1
DA:104,1
DA:106,1
DA:110,1
DA:113,1
DA:114,2
DA:115,0
DA:118,1
DA:119,1
DA:120,1
DA:122,1
DA:123,1
DA:126,1
DA:130,0
DA:131,1
DA:135,1
DA:136,2
DA:139,1
DA:140,1
DA:143,2
DA:144,2
DA:148,2
DA:149,1
DA:152,0
DA:153,0
DA:154,0
DA:155,0
DA:156,0
DA:159,0
DA:160,0
DA:164,1
DA:165,3
DA:166,3
DA:167,1
DA:168,4
DA:169,3
DA:172,1
DA:173,4
DA:176,0
DA:177,0
DA:180,0
DA:181,0
LF:69
LH:54
end_of_record
SF:lib/features/staff_app_demo/presentation/widgets/staff_demo_proof_signature_section.dart
DA:12,3
DA:14,1
DA:16,1
DA:23,1
DA:25,1
DA:26,2
DA:27,4
DA:31,1
DA:33,2
DA:34,1
DA:37,0
DA:38,0
DA:40,0
DA:41,0
DA:42,0
DA:43,0
DA:45,0
DA:49,0
DA:50,0
DA:51,0
DA:53,0
DA:57,1
DA:59,1
DA:60,2
DA:61,1
DA:62,1
DA:63,0
DA:64,1
DA:65,2
DA:76,1
DA:77,1
DA:79,1
DA:81,1
DA:82,1
DA:83,1
DA:84,1
DA:85,1
DA:86,1
DA:93,1
DA:97,1
DA:99,1
DA:100,1
DA:101,2
DA:102,1
DA:104,1
DA:106,1
DA:110,1
DA:111,1
DA:112,1
DA:113,0
DA:114,0
DA:115,0
DA:117,2
DA:119,1
DA:120,0
DA:121,2
LF:56
LH:40
end_of_record
SF:lib/features/chat/data/huggingface_api_client.dart
DA:15,7
DA:19,1
DA:20,7
DA:28,4
DA:30,6
DA:31,3
DA:32,12
DA:35,3
DA:41,3
DA:42,9
DA:43,3
DA:45,3
DA:46,3
DA:47,3
DA:51,3
DA:52,6
DA:53,3
DA:54,1
DA:55,2
DA:60,1
DA:61,1
DA:63,1
DA:64,1
DA:69,1
DA:70,1
DA:71,2
DA:73,1
DA:78,3
DA:79,3
DA:80,3
DA:82,3
DA:83,2
DA:84,2
DA:85,2
DA:86,2
DA:91,3
DA:92,3
DA:93,0
DA:94,0
DA:96,0
DA:102,3
DA:103,2
DA:104,4
DA:105,2
DA:106,2
DA:107,4
DA:112,1
DA:113,1
DA:114,2
DA:123,4
DA:124,4
DA:125,0
DA:129,7
DA:131,4
DA:132,4
DA:136,1
DA:137,1
DA:138,2
DA:139,1
DA:142,1
DA:146,1
DA:149,1
DA:151,1
DA:152,0
DA:159,1
DA:167,1
DA:168,1
DA:169,2
DA:170,2
DA:172,1
DA:173,2
DA:178,2
DA:180,1
DA:183,1
DA:187,1
DA:188,0
DA:190,1
DA:193,1
DA:194,1
DA:197,1
DA:198,2
DA:199,2
DA:200,2
LF:83
LH:77
end_of_record
SF:lib/features/chat/domain/chat_repository.dart
DA:21,7
DA:24,0
DA:25,0
DA:30,7
DA:49,4
DA:55,11
LF:6
LH:4
end_of_record
SF:lib/app.dart
DA:16,5
DA:20,4
DA:21,4
DA:28,4
DA:30,4
DA:31,8
DA:43,4
DA:44,4
DA:49,8
DA:50,2
DA:51,0
DA:54,4
DA:56,4
DA:61,2
DA:64,2
DA:65,1
DA:67,1
DA:69,1
DA:72,1
DA:77,4
DA:78,8
DA:80,4
DA:82,5
DA:83,4
LF:24
LH:23
end_of_record
SF:lib/app/app_scope.dart
DA:29,6
DA:33,6
DA:34,6
DA:46,6
DA:48,6
DA:50,6
DA:51,18
DA:52,12
DA:53,18
DA:55,18
DA:56,18
DA:57,12
DA:58,12
DA:59,12
DA:61,12
DA:62,18
DA:63,6
DA:65,12
DA:69,1
DA:71,1
DA:72,1
DA:73,1
DA:74,2
DA:75,3
DA:77,4
DA:82,1
DA:83,0
DA:84,2
DA:85,3
DA:87,2
DA:88,2
DA:94,1
DA:96,2
DA:97,1
DA:98,3
DA:101,6
DA:103,12
DA:104,7
DA:105,6
DA:106,7
DA:107,6
DA:108,18
DA:109,6
DA:112,6
DA:113,6
DA:114,6
DA:115,6
DA:116,10
DA:117,10
DA:118,5
DA:121,6
DA:122,24
DA:123,12
DA:125,6
DA:126,24
DA:127,12
DA:129,6
DA:130,12
DA:132,12
DA:134,6
DA:135,12
DA:136,6
DA:137,12
DA:138,12
DA:139,12
DA:140,6
DA:141,6
DA:142,6
DA:143,6
DA:144,6
DA:145,6
DA:147,12
DA:149,6
DA:150,6
DA:151,12
DA:152,6
DA:165,6
DA:173,6
DA:175,6
DA:176,0
DA:177,0
DA:178,0
DA:180,0
DA:181,0
DA:182,0
DA:183,0
DA:186,0
DA:187,0
DA:189,0
DA:190,0
DA:192,0
DA:195,6
LF:92
LH:79
end_of_record
SF:lib/app/bootstrap/firebase_bootstrap_service.dart
DA:23,78
DA:36,1
DA:37,1
DA:42,2
DA:49,4
DA:52,4
DA:56,1
DA:57,3
DA:64,1
DA:66,2
DA:67,0
DA:69,0
DA:71,0
DA:75,1
DA:77,1
DA:84,1
DA:85,1
DA:86,2
DA:88,1
DA:95,1
DA:96,0
DA:97,0
DA:98,0
DA:101,0
DA:102,0
DA:105,0
DA:106,0
DA:107,0
DA:118,1
DA:119,1
DA:120,1
DA:121,1
DA:123,1
DA:124,2
DA:125,1
DA:127,0
DA:128,0
DA:130,0
DA:132,2
DA:133,1
DA:134,1
DA:139,1
DA:140,1
DA:141,1
DA:143,2
DA:144,1
DA:145,0
DA:149,1
DA:153,1
DA:154,1
DA:155,1
DA:161,2
DA:163,1
DA:165,1
DA:168,1
DA:172,1
DA:173,1
DA:174,0
DA:175,0
DA:176,0
DA:179,2
DA:180,2
DA:181,0
DA:182,0
DA:188,0
DA:192,1
DA:195,1
DA:196,3
DA:197,1
DA:198,1
DA:202,0
DA:203,0
DA:204,0
DA:207,1
DA:212,1
DA:218,0
DA:222,0
LF:77
LH:51
end_of_record
SF:lib/app/bootstrap/firebase_bootstrap_service_app_check.part.dart
DA:3,1
DA:12,1
DA:14,1
DA:15,1
DA:16,2
DA:18,1
DA:22,1
DA:23,1
DA:31,1
DA:32,1
DA:44,0
DA:45,0
DA:47,0
DA:48,0
DA:50,2
DA:51,2
DA:58,1
DA:59,2
DA:63,2
DA:64,0
DA:72,1
DA:77,1
DA:79,1
DA:86,2
DA:88,1
DA:94,1
DA:95,1
DA:98,0
DA:106,0
DA:107,0
DA:109,0
DA:110,0
LF:32
LH:22
end_of_record
SF:lib/app/bootstrap/firebase_bootstrap_service_helpers.dart
DA:3,1
DA:11,0
DA:17,1
DA:18,1
DA:20,1
DA:22,1
DA:25,2
DA:26,1
DA:33,1
DA:36,1
DA:37,1
DA:38,1
DA:39,1
DA:43,2
DA:44,2
DA:45,2
DA:46,2
DA:47,2
DA:48,2
DA:52,1
DA:53,1
DA:67,1
DA:70,1
DA:73,1
DA:76,1
DA:82,1
DA:83,1
DA:87,2
DA:88,1
DA:90,0
DA:91,1
DA:93,1
DA:94,1
DA:95,0
DA:97,0
DA:98,0
DA:99,0
DA:101,0
DA:104,0
DA:105,0
DA:110,1
DA:111,1
DA:114,1
DA:119,3
DA:120,0
LF:45
LH:35
end_of_record
SF:lib/app/composition/injector.dart
DA:12,153
DA:49,13
DA:50,13
DA:61,13
DA:62,13
DA:63,13
DA:64,39
DA:86,7
DA:87,7
DA:90,0
DA:93,13
DA:94,47
LF:12
LH:11
end_of_record
SF:lib/app/router/app_navigator_keys.dart
DA:9,12
LF:1
LH:1
end_of_record
SF:lib/app/router/auth_redirect.dart
DA:22,2
DA:23,2
DA:24,2
DA:25,4
DA:27,8
DA:29,6
DA:35,2
DA:37,2
DA:38,2
DA:39,1
DA:54,2
DA:58,1
LF:12
LH:12
end_of_record
SF:lib/app/router/go_router_refresh_stream.dart
DA:26,2
DA:27,4
DA:28,4
DA:29,0
DA:30,0
DA:41,2
DA:43,6
DA:44,2
LF:8
LH:6
end_of_record
SF:lib/app/router/routes.dart
DA:7,14
DA:8,7
DA:9,7
DA:10,7
DA:11,7
LF:5
LH:5
end_of_record
SF:lib/app/app_config.dart
DA:20,7
DA:24,7
DA:29,7
DA:30,21
DA:41,14
DA:42,14
DA:45,7
DA:48,7
DA:49,14
DA:52,1
DA:53,1
DA:54,2
DA:57,1
DA:59,1
DA:60,1
DA:61,1
DA:65,7
DA:70,7
DA:71,0
DA:72,0
DA:75,0
DA:76,0
DA:77,0
DA:78,0
DA:80,0
DA:81,0
DA:90,6
DA:101,7
DA:105,7
DA:109,7
DA:111,14
DA:112,7
DA:113,7
DA:114,21
DA:115,21
DA:116,7
DA:117,1
DA:120,14
DA:125,2
DA:126,1
DA:127,1
DA:128,3
DA:129,1
DA:132,2
DA:140,1
DA:144,1
DA:150,7
DA:151,7
DA:154,7
DA:160,7
DA:163,7
DA:164,7
DA:165,0
DA:167,0
DA:168,0
DA:176,4
DA:178,2
DA:180,2
DA:181,2
DA:182,2
DA:183,2
DA:184,2
LF:62
LH:51
end_of_record
SF:lib/app/auth/session_lifecycle_coordinator.dart
DA:12,5
DA:47,20
DA:60,9
DA:62,18
DA:64,15
DA:66,15
DA:69,16
DA:71,16
DA:74,2
DA:76,2
DA:79,10
DA:81,10
DA:84,10
DA:85,20
DA:86,30
DA:87,10
DA:88,10
DA:89,10
DA:91,1
DA:94,0
DA:95,0
DA:105,1
DA:109,1
DA:110,2
DA:112,2
DA:113,1
DA:116,0
DA:118,0
DA:127,5
DA:132,10
DA:135,10
DA:138,5
DA:139,6
DA:140,3
DA:142,3
DA:143,6
DA:144,3
DA:146,2
DA:153,10
DA:154,5
DA:157,10
DA:161,10
DA:165,17
DA:166,27
DA:167,34
LF:45
LH:41
end_of_record
SF:lib/app/config/supabase_config_coordinator.dart
DA:14,7
DA:27,7
DA:28,7
DA:29,7
DA:33,14
DA:34,4
DA:38,14
DA:39,21
DA:40,7
DA:45,2
DA:47,0
DA:48,0
DA:58,2
DA:59,2
DA:65,4
DA:66,5
DA:69,1
DA:70,0
DA:72,0
DA:74,1
DA:75,2
DA:77,1
DA:79,0
DA:80,0
DA:82,0
DA:86,2
DA:89,0
DA:95,1
DA:99,21
LF:29
LH:21
end_of_record
SF:lib/app/utils/bloc/cubit_subscription_mixin.dart
DA:49,65
DA:56,65
DA:57,2
DA:61,130
DA:66,28
DA:70,16
DA:71,8
DA:78,17
DA:81,17
DA:82,0
DA:85,34
DA:90,27
DA:91,54
DA:97,91
DA:98,182
DA:101,93
DA:102,186
DA:106,91
DA:107,91
DA:110,93
DA:112,93
DA:113,91
DA:114,91
LF:23
LH:22
end_of_record
SF:lib/app/presentation/cubit/app_auth_cubit.dart
DA:14,7
DA:17,7
DA:25,7
DA:26,7
DA:27,7
DA:28,7
DA:30,7
DA:31,14
DA:32,21
DA:33,7
DA:34,0
DA:35,0
DA:41,7
DA:42,14
DA:43,21
DA:44,7
DA:45,0
DA:46,0
DA:57,1
DA:58,1
DA:59,1
DA:60,1
DA:63,1
DA:64,1
DA:65,2
DA:68,2
DA:69,3
DA:72,7
DA:73,7
DA:75,2
DA:76,4
DA:79,14
DA:80,2
DA:83,7
DA:86,7
DA:87,21
DA:90,7
DA:92,7
DA:93,7
DA:94,7
LF:40
LH:36
end_of_record
SF:lib/app/services/app_memory_service.dart
DA:15,7
DA:20,7
DA:25,1
DA:32,0
DA:37,0
DA:40,0
DA:43,1
DA:44,1
DA:46,3
DA:51,1
DA:52,1
DA:57,1
DA:58,1
DA:60,1
DA:61,1
DA:63,1
DA:68,1
DA:72,1
DA:73,1
DA:79,1
DA:80,2
DA:81,1
DA:82,1
DA:84,1
DA:85,1
DA:88,1
DA:90,2
DA:92,1
DA:94,3
DA:96,1
DA:98,3
DA:102,1
DA:107,1
DA:109,0
LF:34
LH:30
end_of_record
SF:lib/app/sync/presentation/sync_status_cubit.dart
DA:13,23
DA:17,23
DA:18,23
DA:20,23
DA:21,23
DA:22,23
DA:25,92
DA:26,6
DA:27,6
DA:28,24
DA:30,0
DA:31,0
DA:38,46
DA:40,92
DA:41,3
DA:42,3
DA:43,12
DA:45,0
DA:46,0
DA:53,46
DA:55,92
DA:56,0
DA:57,0
DA:58,0
DA:59,0
DA:61,0
DA:65,0
DA:66,0
DA:73,46
DA:75,46
DA:87,23
DA:88,23
DA:89,23
DA:90,23
DA:93,23
DA:94,69
DA:96,46
DA:101,12
DA:103,19
DA:104,57
DA:107,20
DA:109,20
DA:110,20
DA:111,20
DA:112,20
LF:45
LH:34
end_of_record
SF:lib/app/utils/bloc_provider_helpers.dart
DA:26,0
DA:39,12
DA:43,12
DA:44,10
DA:45,10
DA:46,20
DA:72,7
DA:76,7
DA:77,7
DA:78,7
DA:79,14
DA:100,1
DA:103,1
DA:104,2
DA:105,1
DA:106,1
DA:107,1
DA:108,1
DA:125,1
DA:129,1
DA:130,1
DA:131,1
DA:132,2
DA:135,1
DA:136,1
DA:137,1
DA:138,1
LF:27
LH:26
end_of_record
SF:lib/app/widgets/retry_snackbar_listener.dart
DA:12,7
DA:21,7
DA:22,7
DA:31,7
DA:33,7
DA:34,7
DA:37,4
DA:39,4
DA:40,16
DA:42,1
DA:43,1
DA:44,2
DA:45,2
DA:46,1
DA:50,7
DA:51,21
DA:52,21
DA:53,7
DA:54,0
DA:55,0
DA:65,1
DA:66,1
DA:67,0
DA:71,1
DA:72,1
DA:73,2
DA:76,1
DA:78,1
DA:79,1
DA:81,2
DA:85,1
DA:86,1
DA:87,4
DA:94,7
DA:96,7
DA:97,21
DA:98,7
DA:101,7
DA:102,14
LF:39
LH:36
end_of_record
SF:lib/app/widgets/type_safe_bloc_selector.dart
DA:28,46
DA:49,46
DA:50,46
DA:51,46
DA:52,46
DA:53,46
DA:74,21
DA:95,21
DA:96,21
DA:97,21
DA:98,21
DA:99,21
LF:12
LH:12
end_of_record
SF:lib/app/widgets/type_safe_bloc_selector_listener_consumer.part.dart
DA:43,22
DA:60,22
DA:64,22
DA:65,22
DA:66,22
DA:67,22
DA:95,16
DA:121,16
DA:122,16
DA:123,16
DA:124,16
DA:125,16
DA:126,16
DA:127,16
LF:14
LH:14
end_of_record
SF:lib/features/remote_config/presentation/cubit/remote_config_cubit.dart
DA:10,6
DA:11,6
DA:17,4
DA:18,4
DA:19,0
DA:21,4
DA:26,9
DA:27,1
DA:28,1
DA:31,4
DA:35,5
DA:36,5
DA:38,10
DA:43,1
DA:44,1
DA:46,2
DA:50,1
DA:51,1
DA:54,2
DA:60,5
DA:66,10
DA:67,5
DA:69,5
DA:73,5
DA:74,5
DA:76,5
DA:79,1
DA:81,2
DA:83,4
DA:85,5
DA:86,2
DA:87,2
DA:88,4
DA:92,2
DA:96,1
DA:97,1
DA:98,1
DA:99,2
DA:102,2
DA:105,1
DA:107,0
DA:108,1
DA:109,1
DA:110,2
DA:113,2
DA:114,1
LF:46
LH:44
end_of_record
SF:lib/app/http/auth/auth_token_manager.dart
DA:13,21
DA:14,7
DA:22,14
DA:23,50
DA:26,7
DA:27,14
DA:31,5
DA:32,5
DA:34,1
DA:36,5
DA:37,5
DA:38,5
DA:40,2
DA:42,1
DA:45,10
DA:48,5
DA:50,2
DA:51,1
DA:53,5
DA:60,1
DA:61,1
DA:66,5
DA:67,5
DA:71,5
DA:75,2
DA:76,4
LF:26
LH:26
end_of_record
SF:lib/app/bootstrap/app_version_service.dart
DA:9,0
DA:14,15
DA:17,1
DA:19,1
DA:20,3
DA:21,2
DA:23,2
DA:25,0
LF:8
LH:6
end_of_record
SF:lib/app/bootstrap/bootstrap_coordinator.dart
DA:20,1
DA:24,1
DA:30,1
DA:31,0
DA:33,0
DA:36,1
DA:40,1
DA:44,1
DA:48,1
DA:52,1
DA:56,1
DA:59,1
DA:60,0
DA:63,1
DA:64,0
DA:65,0
DA:66,0
DA:69,1
DA:70,0
DA:71,0
DA:78,1
DA:81,1
DA:82,2
DA:85,1
DA:88,2
DA:91,1
DA:94,2
DA:97,2
DA:99,2
DA:100,2
DA:104,2
DA:107,2
DA:110,2
DA:111,2
DA:114,2
DA:117,2
DA:120,1
DA:126,2
DA:127,1
DA:133,2
DA:134,2
DA:137,1
DA:142,0
DA:144,0
DA:152,0
DA:153,3
DA:154,0
DA:155,1
DA:156,0
DA:157,0
DA:158,0
LF:51
LH:36
end_of_record
SF:lib/app/bootstrap/initialization_guard.dart
DA:13,0
DA:34,14
DA:40,14
DA:41,1
DA:43,1
DA:44,1
DA:49,1
DA:50,1
DA:51,1
LF:9
LH:8
end_of_record
SF:lib/app/bootstrap/platform_init.dart
DA:8,3
DA:13,3
LF:2
LH:2
end_of_record
SF:lib/app/bootstrap/supabase_bootstrap_service.dart
DA:13,0
DA:22,7
DA:26,17
DA:31,7
DA:33,0
DA:36,21
DA:47,2
DA:49,7
DA:50,14
DA:51,14
DA:53,14
DA:54,1
DA:60,7
DA:61,0
DA:68,14
DA:70,7
DA:72,1
DA:73,1
DA:81,9
DA:88,0
DA:91,0
DA:93,7
DA:94,7
DA:95,0
DA:96,0
DA:99,0
DA:103,0
DA:104,0
DA:105,0
LF:29
LH:18
end_of_record
SF:lib/app/config/app_runtime_config.dart
DA:13,9
DA:22,7
DA:23,7
DA:25,7
DA:28,7
DA:30,7
DA:39,6
DA:40,0
DA:41,0
DA:42,0
DA:43,0
DA:45,2
DA:46,1
DA:47,1
DA:48,0
DA:49,0
DA:50,0
LF:17
LH:10
end_of_record
SF:lib/app/config/backend_availability.dart
DA:10,8
DA:18,8
DA:20,8
DA:21,8
DA:22,8
LF:5
LH:5
end_of_record
SF:lib/app/config/flavor.dart
DA:6,19
DA:7,57
DA:8,30
DA:14,24
DA:16,10
DA:17,20
DA:20,20
DA:21,15
DA:22,3
DA:23,3
DA:24,3
DA:25,3
DA:26,2
DA:27,1
DA:28,1
DA:29,1
DA:30,1
DA:31,1
DA:35,19
DA:36,19
DA:37,19
DA:39,1
DA:40,1
DA:42,1
DA:44,1
DA:46,1
DA:47,1
DA:54,1
DA:55,1
LF:29
LH:29
end_of_record
SF:lib/app/config/secret_config_chat_orchestration.dart
DA:11,0
LF:1
LH:0
end_of_record
SF:lib/app/config/secret_config_impl.part.dart
DA:4,0
DA:8,14
DA:13,2
DA:19,15
DA:21,15
DA:22,15
DA:27,1
DA:29,1
DA:30,1
DA:38,14
DA:39,14
DA:42,0
DA:43,0
DA:47,0
DA:48,0
DA:58,1
DA:61,1
DA:62,1
DA:67,0
DA:70,0
DA:71,0
DA:104,15
DA:105,15
DA:106,14
DA:107,1
DA:108,2
DA:109,9
DA:110,8
DA:111,2
DA:112,7
DA:114,2
DA:115,9
DA:119,10
DA:140,1
DA:146,1
DA:147,1
DA:148,1
DA:149,3
DA:150,0
DA:159,0
DA:160,0
DA:165,1
DA:172,1
DA:173,1
DA:174,1
DA:175,3
DA:176,0
DA:179,2
DA:180,1
DA:181,1
DA:182,1
DA:183,0
DA:184,0
DA:185,0
DA:187,1
DA:192,0
DA:193,0
DA:194,0
DA:195,0
DA:196,0
DA:197,0
DA:205,8
DA:212,0
DA:221,8
DA:222,16
DA:226,2
DA:227,2
DA:228,2
DA:239,8
DA:241,2
DA:245,1
DA:246,1
DA:254,8
DA:257,2
DA:261,7
DA:271,1
DA:276,1
DA:277,0
DA:278,0
DA:279,0
DA:284,8
DA:291,2
DA:292,7
DA:293,7
DA:299,4
DA:301,2
DA:305,2
DA:307,2
DA:310,2
DA:311,2
DA:313,2
DA:314,2
LF:92
LH:67
end_of_record
SF:lib/app/config/secret_config_sources.part.dart
DA:3,24
DA:4,8
DA:7,2
DA:8,2
DA:10,8
DA:13,1
DA:14,1
DA:16,8
DA:19,1
DA:20,1
DA:22,8
DA:25,1
DA:26,0
DA:28,8
DA:31,7
DA:32,7
DA:34,8
DA:37,7
DA:38,7
DA:40,8
DA:43,1
DA:44,0
DA:46,8
DA:49,1
DA:50,0
DA:55,8
DA:59,8
DA:60,16
DA:61,16
DA:62,2
DA:65,4
DA:68,8
DA:71,1
DA:72,2
DA:75,8
DA:79,0
DA:80,0
DA:85,1
DA:86,2
DA:87,1
DA:89,1
DA:91,2
DA:95,8
DA:96,16
DA:97,16
DA:101,16
DA:102,0
DA:105,24
DA:108,8
DA:110,1
DA:112,1
DA:113,3
DA:118,8
DA:119,8
DA:120,0
DA:121,0
DA:124,1
DA:125,1
DA:126,1
DA:128,0
DA:131,1
DA:138,8
DA:140,8
DA:141,17
DA:142,16
DA:143,32
DA:146,18
DA:147,1
DA:152,8
DA:158,8
DA:161,7
DA:172,0
DA:182,0
DA:183,0
DA:184,0
DA:186,0
DA:187,0
DA:189,0
DA:190,0
DA:192,0
DA:193,0
DA:195,0
DA:196,0
DA:198,0
DA:199,0
DA:201,0
DA:202,0
DA:204,0
DA:205,0
DA:207,0
DA:208,0
DA:211,0
DA:214,8
DA:216,6
DA:218,8
DA:219,9
DA:220,8
DA:221,8
DA:222,16
DA:231,1
DA:232,1
DA:235,0
DA:238,0
DA:239,0
DA:240,0
DA:241,0
DA:246,1
DA:247,1
DA:248,1
DA:249,3
DA:251,1
DA:254,8
DA:259,16
DA:260,8
DA:261,8
DA:262,1
DA:269,8
DA:281,8
DA:282,16
DA:283,8
DA:289,8
DA:290,24
DA:293,1
DA:294,2
DA:296,2
LF:125
LH:90
end_of_record
SF:lib/firebase_options.dart
DA:14,0
DA:16,0
DA:18,0
DA:22,0
DA:23,0
DA:25,0
DA:27,0
DA:29,0
DA:30,0
DA:31,0
DA:33,0
DA:36,0
LF:12
LH:0
end_of_record
SF:lib/app/bootstrap/platform_init_impl.dart
DA:6,3
DA:11,3
LF:2
LH:2
end_of_record
SF:lib/app/bootstrap/platform_init_impl_io.dart
DA:6,3
DA:11,3
DA:15,3
DA:17,2
DA:18,2
DA:19,2
DA:22,1
DA:25,1
LF:8
LH:8
end_of_record
SF:lib/app/composition/features/register_ai_decision_demo_services.dart
DA:8,15
DA:9,15
DA:10,4
DA:12,15
DA:13,4
LF:5
LH:5
end_of_record
SF:lib/app/composition/injector_helpers.dart
DA:19,31
DA:23,31
DA:24,31
DA:25,31
DA:46,13
DA:50,13
DA:70,13
DA:72,13
DA:77,13
DA:81,26
DA:84,26
LF:11
LH:11
end_of_record
SF:lib/features/ai_decision_demo/data/ai_decision_api_client.dart
DA:11,2
DA:21,2
DA:23,1
DA:27,1
DA:28,1
DA:34,1
DA:35,1
DA:39,1
[...]
DA:33,1
DA:42,1
DA:43,1
DA:44,1
DA:45,1
DA:47,5
DA:48,1
DA:49,3
DA:51,1
DA:52,3
DA:54,1
DA:55,1
DA:57,1
DA:60,1
DA:71,1
DA:76,1
DA:77,3
DA:78,3
DA:79,3
DA:80,3
DA:81,3
DA:82,3
DA:85,0
DA:86,0
DA:87,0
DA:88,0
DA:89,0
DA:90,0
DA:91,0
DA:92,0
DA:97,4
DA:99,1
DA:101,1
DA:102,1
DA:104,1
DA:105,1
DA:106,1
DA:107,1
DA:109,1
DA:111,1
DA:112,1
DA:113,0
DA:114,1
LF:43
LH:34
end_of_record
SF:lib/features/todo_list/presentation/pages/todo_list_page_app_bar.dart
DA:4,1
DA:8,1
DA:9,1
DA:10,1
DA:11,1
DA:12,1
DA:13,1
DA:15,1
DA:16,0
DA:17,2
DA:18,0
DA:19,0
DA:20,0
DA:21,0
DA:23,0
DA:29,1
DA:30,0
DA:31,0
DA:33,0
DA:34,0
DA:36,0
DA:37,0
DA:39,0
DA:40,0
DA:42,0
DA:43,0
DA:45,0
DA:46,0
DA:48,0
DA:50,0
DA:51,0
DA:56,0
DA:57,0
DA:58,0
DA:60,0
DA:62,0
DA:63,0
DA:65,0
DA:67,0
DA:69,0
DA:70,0
DA:71,0
DA:72,0
DA:80,1
LF:44
LH:11
end_of_record
SF:lib/features/todo_list/presentation/pages/todo_list_page_handlers.dart
DA:3,0
DA:8,0
DA:9,0
DA:13,0
DA:14,0
DA:18,0
DA:19,0
DA:23,0
DA:26,0
DA:27,0
DA:28,0
DA:29,0
DA:30,0
DA:31,0
DA:35,0
DA:39,0
DA:46,0
DA:49,0
DA:51,0
DA:52,0
DA:53,0
DA:54,0
DA:55,0
DA:59,1
DA:63,1
DA:65,1
DA:67,1
DA:70,1
DA:73,2
DA:76,1
DA:81,1
DA:82,1
DA:86,1
DA:87,1
DA:89,2
DA:90,1
DA:91,3
DA:94,1
DA:95,2
DA:96,0
DA:105,1
DA:106,1
DA:108,1
DA:109,1
DA:113,2
DA:117,0
LF:46
LH:21
end_of_record
SF:lib/features/todo_list/presentation/pages/todo_list_page_data.dart
DA:8,1
DA:23,1
DA:24,1
DA:25,1
DA:26,1
DA:27,1
DA:28,1
DA:29,1
DA:30,1
DA:31,1
DA:32,1
DA:33,1
DA:34,1
DA:35,1
DA:36,1
DA:54,1
DA:57,1
DA:58,3
DA:59,3
DA:60,3
DA:61,3
DA:62,0
DA:63,0
DA:64,0
DA:65,0
DA:66,0
DA:67,0
DA:68,0
DA:69,0
DA:71,0
DA:72,0
DA:73,0
DA:74,0
DA:75,0
DA:76,0
DA:77,0
DA:78,0
DA:79,0
DA:80,0
DA:81,0
DA:82,0
DA:83,0
DA:84,0
LF:43
LH:21
end_of_record
SF:lib/features/todo_list/presentation/widgets/todo_batch_actions_bar.dart
DA:10,1
DA:25,1
DA:27,1
DA:28,1
DA:29,2
DA:30,4
DA:32,2
DA:33,4
DA:37,1
DA:38,3
DA:39,1
DA:41,2
DA:42,4
DA:44,1
DA:45,1
DA:46,1
DA:48,1
DA:49,1
DA:50,0
DA:51,0
DA:52,0
DA:53,0
DA:54,0
DA:57,2
DA:58,1
DA:61,0
DA:62,2
DA:63,1
DA:65,0
DA:66,2
DA:70,0
DA:72,0
DA:73,0
DA:75,0
DA:78,0
DA:80,0
DA:81,0
DA:83,0
DA:85,1
DA:86,0
DA:88,0
DA:89,0
DA:91,0
DA:93,0
DA:94,0
DA:97,0
DA:98,0
LF:47
LH:24
end_of_record
SF:lib/features/todo_list/presentation/widgets/todo_filter_bar.dart
DA:6,1
DA:7,2
DA:10,1
DA:23,1
DA:25,1
DA:27,1
DA:29,1
DA:30,1
DA:31,1
DA:32,1
DA:33,1
DA:34,1
DA:35,1
DA:36,2
DA:37,0
DA:39,1
DA:40,1
DA:41,2
DA:42,0
DA:44,1
DA:45,1
DA:46,2
DA:47,0
DA:57,1
DA:67,1
DA:69,1
DA:70,1
DA:71,3
DA:72,1
DA:73,1
DA:74,1
DA:75,1
DA:76,3
DA:77,1
DA:79,1
DA:84,1
DA:86,1
DA:89,2
DA:91,1
DA:92,1
DA:93,3
DA:94,1
LF:42
LH:39
end_of_record
SF:lib/features/todo_list/presentation/widgets/todo_list_content.dart
DA:12,1
DA:38,1
DA:40,2
DA:41,1
DA:42,2
DA:43,0
DA:44,1
DA:45,1
DA:47,1
DA:48,2
DA:49,1
DA:50,1
DA:51,1
DA:60,2
DA:61,0
DA:62,0
DA:63,0
DA:64,0
DA:66,0
DA:67,0
DA:68,0
DA:69,0
DA:70,0
DA:75,0
DA:76,0
DA:77,0
DA:78,0
DA:79,0
DA:80,0
DA:81,0
DA:83,0
DA:85,0
DA:86,0
DA:87,0
DA:88,0
DA:89,0
DA:92,0
DA:93,0
DA:94,0
DA:95,0
DA:96,0
DA:106,1
DA:107,0
DA:108,1
DA:109,1
DA:110,1
DA:111,1
DA:112,0
DA:113,0
DA:114,3
DA:115,0
DA:116,0
DA:117,1
DA:118,1
LF:54
LH:21
end_of_record
SF:lib/features/todo_list/presentation/widgets/todo_list_dialogs.dart
DA:12,1
DA:27,1
DA:30,1
DA:33,2
DA:37,1
DA:41,1
DA:42,1
DA:54,1
DA:56,1
DA:57,2
DA:58,2
DA:60,2
DA:61,2
DA:63,2
DA:64,2
DA:65,3
DA:66,3
DA:67,3
DA:68,3
DA:69,1
DA:70,2
DA:75,1
DA:77,2
DA:78,2
DA:79,2
DA:80,2
DA:81,1
DA:84,1
DA:86,1
DA:87,1
DA:88,3
DA:89,1
DA:91,1
DA:93,1
DA:94,1
DA:95,1
DA:96,1
DA:98,1
DA:99,1
DA:100,1
DA:101,3
DA:102,0
DA:103,0
DA:104,0
DA:105,0
DA:108,0
DA:109,0
DA:110,0
DA:113,0
DA:114,0
DA:115,0
DA:121,1
DA:122,1
DA:123,2
DA:124,1
DA:125,0
DA:127,1
DA:128,2
DA:131,1
DA:132,1
DA:134,0
DA:135,1
DA:137,1
DA:140,2
DA:142,1
DA:143,3
DA:144,3
DA:145,1
DA:146,1
DA:147,1
DA:151,1
DA:155,1
DA:156,1
DA:157,2
DA:158,1
DA:159,0
DA:162,1
DA:163,1
DA:165,2
DA:166,1
DA:168,1
DA:171,2
DA:173,1
DA:174,3
DA:175,3
DA:176,1
DA:177,1
DA:178,1
DA:182,1
LF:89
LH:76
end_of_record
SF:lib/features/todo_list/presentation/widgets/todo_search_field.dart
DA:10,1
DA:11,2
DA:14,4
DA:16,1
DA:17,1
DA:23,1
DA:25,1
DA:26,2
DA:29,1
DA:31,2
DA:32,1
DA:35,1
DA:37,1
DA:38,1
DA:39,1
DA:40,2
DA:41,1
DA:42,3
DA:43,1
DA:44,1
DA:46,3
DA:47,1
DA:48,1
DA:51,1
DA:52,2
DA:53,2
DA:56,1
DA:57,1
DA:58,1
DA:59,2
DA:61,2
DA:64,1
DA:67,1
DA:69,1
DA:71,1
DA:74,1
DA:76,3
DA:79,3
DA:80,1
DA:81,1
DA:83,1
DA:86,0
DA:87,0
DA:88,0
DA:90,0
DA:94,1
DA:96,3
DA:104,1
DA:105,1
DA:106,1
DA:107,2
DA:108,1
DA:109,1
DA:116,0
DA:117,0
LF:55
LH:49
end_of_record
SF:lib/features/todo_list/presentation/widgets/todo_sort_bar.dart
DA:6,2
DA:7,4
DA:10,2
DA:19,4
DA:20,6
DA:21,3
DA:22,3
DA:23,3
DA:24,3
DA:25,3
DA:26,3
DA:27,3
DA:28,3
DA:31,2
DA:33,2
DA:34,2
DA:35,2
DA:37,2
DA:38,4
DA:39,2
DA:40,2
DA:43,2
DA:44,6
DA:45,2
DA:46,2
DA:48,2
DA:50,2
DA:51,6
DA:54,2
DA:55,1
DA:57,1
DA:58,2
DA:61,2
DA:62,2
DA:63,2
DA:64,1
DA:65,1
DA:68,1
DA:70,1
DA:71,2
DA:74,2
DA:75,2
DA:76,2
DA:77,1
DA:78,1
DA:81,1
DA:83,1
DA:84,2
DA:87,2
DA:88,2
DA:89,2
DA:90,1
DA:91,1
DA:94,1
DA:96,1
DA:97,2
DA:100,2
DA:101,2
DA:102,2
DA:103,1
DA:104,1
DA:107,1
DA:109,1
DA:110,2
DA:113,2
DA:114,2
DA:115,2
DA:116,1
DA:117,1
DA:120,1
DA:122,1
DA:123,2
DA:126,2
DA:127,2
DA:128,2
DA:129,1
DA:130,1
DA:133,1
DA:135,1
DA:136,2
DA:139,2
DA:140,2
DA:141,2
DA:142,1
DA:143,1
DA:146,1
DA:148,1
DA:149,2
DA:152,2
DA:153,2
DA:154,2
DA:155,1
DA:156,1
DA:159,1
DA:161,1
DA:162,2
DA:165,2
DA:166,2
DA:167,2
DA:168,1
DA:169,1
LF:101
LH:101
end_of_record
SF:lib/features/todo_list/presentation/widgets/todo_stats_widget.dart
DA:8,1
DA:9,2
DA:11,1
DA:12,2
DA:15,4
DA:17,1
DA:19,1
DA:20,1
DA:22,1
DA:23,2
DA:24,2
DA:25,1
DA:26,1
DA:28,1
DA:29,2
DA:33,1
DA:34,1
DA:35,1
DA:36,2
DA:37,2
DA:39,1
DA:41,1
DA:42,1
DA:43,2
DA:44,1
DA:45,1
DA:47,1
DA:48,2
DA:49,1
DA:50,1
DA:52,1
DA:53,2
DA:54,1
DA:55,1
DA:67,1
DA:79,1
DA:89,1
DA:91,1
DA:92,1
DA:94,1
DA:95,1
DA:96,2
DA:97,3
DA:98,1
DA:100,1
DA:103,3
DA:104,1
DA:105,1
DA:106,3
DA:107,1
DA:108,2
LF:51
LH:51
end_of_record
SF:lib/features/todo_list/presentation/widgets/todo_empty_state.dart
DA:6,1
DA:10,1
DA:12,1
DA:13,1
DA:14,1
DA:15,1
DA:17,1
DA:18,1
LF:8
LH:8
end_of_record
SF:lib/features/todo_list/presentation/widgets/todo_item_density.dart
DA:9,4
DA:10,2
DA:12,2
DA:17,2
DA:18,2
DA:19,2
DA:23,2
DA:24,2
DA:26,10
DA:30,2
LF:10
LH:10
end_of_record
SF:lib/features/todo_list/presentation/widgets/todo_list_item.dart
DA:11,2
DA:32,2
DA:34,2
DA:35,2
DA:36,2
DA:37,2
DA:38,2
DA:39,2
DA:40,2
DA:45,2
DA:50,4
DA:52,4
DA:54,4
DA:56,4
DA:57,2
DA:62,4
DA:63,6
DA:65,4
DA:66,7
DA:68,6
DA:70,2
DA:72,5
DA:74,2
DA:75,2
DA:76,2
DA:77,4
DA:80,2
DA:84,2
DA:85,2
DA:86,4
DA:88,2
DA:90,2
DA:93,2
DA:94,2
DA:97,2
DA:98,2
DA:99,1
DA:100,1
DA:101,1
DA:102,0
DA:104,0
DA:109,1
DA:111,2
DA:112,0
DA:114,0
DA:116,0
DA:117,0
DA:123,0
DA:125,2
DA:126,2
DA:128,2
DA:136,2
DA:137,2
DA:145,2
DA:146,4
DA:147,0
DA:148,4
DA:149,4
DA:155,2
DA:157,2
DA:159,2
DA:160,2
DA:161,2
LF:63
LH:55
end_of_record
SF:lib/features/todo_list/presentation/widgets/todo_list_view.dart
DA:11,1
DA:35,1
DA:36,1
DA:37,1
DA:38,1
DA:39,3
DA:40,1
DA:42,2
DA:43,3
DA:45,0
DA:46,0
DA:48,0
DA:49,0
DA:50,3
DA:52,0
DA:58,1
DA:60,3
DA:62,0
DA:64,0
DA:65,0
DA:66,0
DA:67,0
DA:68,0
DA:69,0
DA:71,0
DA:72,0
DA:77,1
DA:79,1
DA:80,1
DA:81,2
DA:82,1
DA:83,2
DA:84,1
DA:85,3
LF:34
LH:20
end_of_record
SF:lib/features/todo_list/presentation/widgets/todo_list_date_picker.dart
DA:12,4
DA:19,0
DA:20,0
DA:21,0
DA:24,0
DA:27,0
DA:28,0
DA:29,0
DA:30,0
DA:31,0
LF:10
LH:1
end_of_record
SF:lib/features/todo_list/presentation/widgets/todo_list_date_picker_dialog.part.dart
DA:3,0
DA:15,0
DA:16,0
DA:22,0
DA:28,0
DA:29,0
DA:30,0
DA:33,0
DA:36,0
DA:41,0
DA:44,0
DA:50,0
DA:51,0
DA:62,0
DA:64,0
DA:65,0
DA:67,0
DA:69,0
DA:73,0
DA:74,0
DA:77,0
DA:78,0
DA:80,0
DA:81,0
DA:83,0
DA:84,0
DA:86,0
DA:91,0
DA:93,0
DA:99,0
DA:100,0
DA:105,0
DA:106,0
DA:113,0
DA:116,0
DA:117,0
DA:118,0
DA:119,0
DA:122,0
DA:123,0
DA:127,0
DA:129,0
DA:130,0
DA:132,0
DA:134,0
DA:146,0
DA:149,0
DA:153,0
DA:155,0
DA:156,0
DA:157,0
DA:159,0
DA:163,0
DA:164,0
DA:171,0
DA:172,0
DA:174,0
DA:175,0
DA:178,0
DA:180,0
DA:183,0
DA:185,0
DA:187,0
DA:188,0
DA:190,0
DA:194,0
DA:195,0
DA:203,0
DA:206,0
LF:69
LH:0
end_of_record
SF:lib/features/todo_list/presentation/widgets/todo_list_delete_dialogs.dart
DA:6,3
DA:10,3
DA:11,3
DA:12,3
DA:14,3
DA:15,1
DA:16,2
DA:17,1
DA:18,2
DA:19,1
DA:20,1
DA:23,1
DA:24,1
DA:26,0
DA:27,1
DA:29,1
DA:31,3
DA:32,1
DA:37,3
DA:38,6
DA:39,3
DA:40,3
DA:42,3
DA:43,3
DA:45,6
DA:46,3
DA:48,3
DA:50,6
DA:51,3
DA:59,1
DA:63,1
DA:64,1
DA:65,1
DA:67,1
DA:68,0
DA:69,0
DA:70,0
DA:71,0
DA:72,0
DA:73,0
DA:76,0
DA:77,0
DA:79,0
DA:80,0
DA:82,0
DA:84,0
DA:85,0
DA:90,1
DA:91,2
DA:92,1
DA:93,1
DA:95,1
DA:96,1
DA:98,0
DA:99,1
DA:101,1
DA:103,3
DA:104,1
DA:112,1
DA:116,1
DA:117,1
DA:118,1
DA:120,1
DA:121,0
DA:122,0
DA:123,0
DA:124,0
DA:125,0
DA:126,0
DA:129,0
DA:130,0
DA:132,0
DA:133,0
DA:135,0
DA:137,0
DA:138,0
DA:143,1
DA:144,2
DA:145,1
DA:146,1
DA:148,1
DA:149,1
DA:151,3
DA:152,1
DA:154,1
DA:156,0
DA:157,1
LF:87
LH:58
end_of_record
SF:lib/features/todo_list/presentation/widgets/todo_list_dialog_content.dart
DA:9,1
DA:25,1
DA:27,1
DA:28,1
DA:29,1
DA:31,1
DA:35,1
DA:36,1
DA:38,1
DA:39,1
DA:43,1
DA:48,2
DA:49,1
DA:53,1
DA:56,1
DA:58,1
DA:62,2
DA:63,1
DA:69,2
DA:70,1
DA:75,2
DA:76,1
LF:22
LH:22
end_of_record
SF:lib/features/todo_list/presentation/widgets/todo_list_dialog_due_date.dart
DA:7,1
DA:13,1
DA:14,1
DA:16,1
DA:17,0
DA:19,0
DA:22,0
DA:25,0
DA:31,0
DA:32,0
DA:33,0
DA:34,0
DA:36,0
DA:39,0
DA:40,0
DA:43,1
DA:44,1
DA:45,1
DA:47,2
DA:49,1
DA:51,0
DA:52,1
DA:53,1
DA:56,3
LF:24
LH:12
end_of_record
SF:lib/features/todo_list/presentation/widgets/todo_list_dialog_fields.dart
DA:7,1
DA:17,1
DA:26,2
DA:29,1
DA:31,2
DA:36,1
DA:37,1
DA:38,1
DA:47,1
DA:52,1
DA:54,1
DA:57,2
DA:59,2
DA:60,2
DA:61,2
DA:62,2
DA:64,1
DA:66,1
DA:69,1
DA:70,0
DA:72,0
DA:75,1
DA:80,1
DA:86,1
DA:89,1
DA:90,1
DA:91,1
DA:93,1
DA:94,1
DA:95,1
DA:97,0
DA:99,0
DA:103,2
DA:104,1
DA:105,1
DA:106,0
DA:107,1
DA:108,1
DA:109,3
DA:118,1
DA:120,1
DA:121,2
DA:123,0
DA:125,0
LF:44
LH:37
end_of_record
SF:lib/features/todo_list/presentation/widgets/todo_list_item_actions.dart
DA:12,2
DA:20,2
DA:21,4
DA:24,1
DA:26,0
DA:27,0
DA:28,0
DA:30,0
DA:33,0
DA:34,0
DA:36,0
DA:38,0
DA:40,0
DA:43,1
DA:45,1
DA:47,2
DA:48,1
DA:53,2
DA:55,2
DA:56,2
DA:58,2
DA:59,2
DA:60,6
DA:62,2
DA:64,0
DA:66,0
DA:67,0
DA:69,2
DA:71,2
DA:73,4
DA:74,2
DA:82,2
DA:83,6
DA:85,2
DA:87,1
DA:89,2
DA:90,1
DA:92,2
DA:94,2
DA:96,4
DA:97,2
LF:41
LH:29
end_of_record
SF:lib/features/todo_list/presentation/widgets/todo_list_item_content.dart
DA:7,2
DA:16,4
DA:17,2
DA:18,2
DA:20,4
DA:21,2
DA:26,2
DA:31,2
DA:37,4
DA:40,2
DA:43,2
DA:44,2
DA:45,0
DA:46,0
DA:51,0
DA:52,0
DA:54,2
DA:55,2
DA:56,2
DA:57,2
DA:58,2
DA:64,5
DA:65,2
DA:66,2
DA:70,3
DA:71,3
DA:72,1
DA:73,1
DA:81,1
DA:82,1
DA:83,1
DA:85,1
DA:86,1
DA:88,2
DA:89,1
DA:90,1
DA:91,0
DA:93,3
DA:94,1
DA:95,1
DA:96,8
DA:97,1
DA:99,1
DA:100,1
DA:101,0
LF:45
LH:39
end_of_record
SF:lib/features/todo_list/presentation/widgets/todo_list_item_dismissible.dart
DA:11,2
DA:19,2
DA:20,4
DA:22,1
DA:26,1
DA:30,1
DA:34,2
DA:35,2
DA:36,2
DA:37,3
DA:38,2
DA:40,2
DA:41,6
DA:42,2
DA:45,2
DA:46,2
DA:47,2
DA:50,2
DA:51,1
DA:52,2
DA:54,2
DA:57,2
DA:58,2
DA:60,2
DA:62,1
DA:63,1
DA:65,2
DA:66,1
DA:70,2
DA:71,2
DA:74,1
DA:75,1
DA:77,2
DA:78,1
LF:34
LH:34
end_of_record
SF:lib/features/todo_list/presentation/widgets/todo_priority_badge.dart
DA:7,2
DA:11,2
DA:13,2
DA:14,2
DA:15,2
DA:17,2
DA:18,2
DA:19,3
DA:20,3
DA:21,4
DA:24,2
DA:25,3
DA:26,3
DA:27,3
DA:28,4
DA:31,4
DA:35,4
DA:36,2
DA:37,2
DA:40,2
DA:41,2
DA:42,4
DA:44,2
DA:45,2
DA:46,4
DA:48,2
DA:50,6
DA:52,4
LF:28
LH:28
end_of_record
SF:lib/features/todo_list/presentation/widgets/todo_list_item_swipe.dart
DA:5,2
DA:12,2
DA:16,2
DA:17,2
DA:19,2
DA:21,2
DA:23,2
DA:24,2
DA:25,2
DA:29,2
DA:31,2
DA:36,4
DA:37,2
DA:40,4
LF:14
LH:14
end_of_record
SF:lib/features/todo_list/presentation/widgets/todo_sync_banner.dart
DA:19,0
DA:21,1
DA:23,1
DA:25,1
DA:31,1
DA:32,0
DA:33,0
DA:39,0
DA:41,1
DA:42,1
DA:48,1
DA:49,1
DA:51,2
DA:52,2
DA:53,1
DA:54,1
DA:61,0
DA:62,0
DA:67,0
DA:68,0
DA:69,0
LF:21
LH:12
end_of_record
SF:lib/features/walletconnect_auth/data/wallet_user_profile_mapper.dart
DA:26,0
DA:30,2
DA:31,2
DA:32,2
DA:33,2
DA:34,2
DA:35,2
DA:36,1
DA:39,6
DA:44,2
DA:45,2
DA:49,1
DA:52,1
DA:53,1
DA:54,0
DA:57,1
DA:58,1
DA:60,1
DA:61,2
DA:62,2
DA:65,1
DA:66,1
DA:67,0
DA:69,1
DA:70,1
DA:73,1
DA:74,1
DA:77,2
DA:79,1
DA:91,1
DA:92,1
DA:93,1
DA:94,1
DA:95,1
DA:96,1
DA:100,1
DA:103,2
DA:105,1
DA:107,1
DA:108,1
DA:112,1
DA:116,1
DA:120,1
DA:124,1
DA:125,1
LF:45
LH:42
end_of_record
SF:lib/features/walletconnect_auth/presentation/cubit/walletconnect_auth_state.dart
DA:18,6
DA:21,2
DA:24,2
DA:27,1
DA:28,3
DA:31,1
DA:32,4
LF:7
LH:7
end_of_record
SF:lib/features/walletconnect_auth/presentation/widgets/connect_wallet_button.dart
DA:7,1
DA:16,1
DA:18,1
DA:20,1
DA:22,2
DA:23,1
DA:24,0
DA:27,0
DA:29,0
DA:30,0
DA:34,2
LF:11
LH:7
end_of_record
SF:lib/features/walletconnect_auth/presentation/widgets/wallet_address_display.dart
DA:9,1
DA:16,1
DA:18,1
DA:19,1
DA:20,1
DA:22,1
DA:23,1
DA:25,1
DA:26,2
DA:27,2
DA:29,1
DA:30,1
DA:31,1
DA:33,1
DA:34,1
DA:36,2
DA:37,1
DA:38,1
DA:40,1
DA:41,1
DA:42,1
DA:43,3
DA:44,1
DA:47,2
DA:48,1
DA:49,2
DA:50,3
DA:51,1
LF:28
LH:28
end_of_record
SF:lib/features/websocket/domain/websocket_connection_state.dart
DA:9,5
DA:23,6
DA:24,3
DA:25,1
DA:26,3
DA:27,2
DA:30,6
DA:31,2
DA:32,0
DA:33,2
DA:34,2
LF:11
LH:10
end_of_record
SF:lib/features/websocket/presentation/cubit/websocket_state.dart
DA:17,3
DA:19,6
DA:24,6
DA:25,6
DA:27,3
DA:28,15
LF:6
LH:6
end_of_record
SF:lib/features/websocket/presentation/widgets/websocket_connection_banner.dart
DA:6,1
DA:19,1
DA:21,1
DA:22,1
DA:23,1
DA:24,0
DA:26,0
DA:27,0
DA:30,0
DA:31,0
DA:32,0
DA:33,0
DA:34,0
DA:40,1
DA:41,3
DA:42,3
DA:43,1
DA:44,2
DA:45,2
DA:46,1
DA:47,2
DA:48,2
DA:49,1
DA:51,1
DA:55,1
DA:56,1
DA:57,1
DA:58,1
DA:59,0
DA:60,0
DA:61,0
DA:64,0
DA:65,1
DA:66,1
DA:67,2
DA:69,1
DA:70,1
DA:72,3
LF:38
LH:26
end_of_record
SF:lib/features/websocket/presentation/widgets/websocket_message_list.dart
DA:7,2
DA:16,2
DA:18,4
DA:19,2
DA:21,2
DA:22,2
DA:24,2
DA:25,2
DA:26,2
DA:29,4
DA:30,2
DA:31,8
DA:32,4
DA:33,2
DA:34,2
DA:35,8
DA:37,2
DA:38,2
DA:40,4
DA:41,4
DA:42,2
DA:43,2
DA:44,2
LF:23
LH:23
end_of_record
SF:lib/features/chart/data/delayed_chart_repository.dart
DA:8,1
DA:12,1
DA:16,1
DA:18,2
DA:19,0
DA:20,0
DA:23,1
LF:7
LH:5
end_of_record
SF:lib/features/chart/presentation/widgets/chart_message_list.dart
DA:6,0
DA:10,1
DA:11,1
DA:12,1
DA:13,2
DA:14,2
LF:6
LH:5
end_of_record
SF:lib/features/iot_demo/data/mock_iot_demo_repository.dart
DA:10,1
DA:11,2
DA:48,1
DA:49,1
DA:50,1
DA:51,3
DA:55,1
DA:59,1
DA:60,0
DA:62,1
DA:63,0
DA:68,1
DA:69,5
DA:72,1
DA:76,1
DA:77,2
DA:78,1
DA:79,0
DA:80,0
DA:83,2
DA:84,2
DA:85,1
DA:86,1
DA:87,2
DA:88,2
DA:90,1
DA:91,1
DA:94,2
DA:95,2
DA:96,2
DA:100,1
DA:102,1
DA:103,1
DA:104,6
DA:106,1
DA:108,1
DA:109,1
DA:110,1
DA:111,1
DA:112,1
DA:113,1
DA:114,6
DA:116,1
DA:118,1
DA:122,0
DA:124,0
DA:125,0
DA:126,0
DA:129,0
DA:132,0
DA:134,0
DA:135,0
DA:137,0
DA:138,0
DA:139,0
DA:142,0
DA:147,0
DA:148,0
DA:149,0
DA:151,0
DA:152,0
DA:153,0
DA:156,0
DA:157,0
DA:161,1
DA:162,2
DA:163,1
LF:67
LH:43
end_of_record
SF:lib/features/staff_app_demo/data/staff_demo_transient_submit_error_web.dart
DA:3,1
DA:4,1
DA:8,2
DA:9,2
LF:4
LH:4
end_of_record
SF:lib/features/staff_app_demo/data/staff_demo_proof_file_store_web.dart
DA:14,2
DA:29,2
DA:30,4
DA:33,4
DA:34,2
DA:38,1
DA:39,1
DA:40,1
DA:42,0
DA:43,0
DA:48,2
DA:49,2
DA:50,1
DA:51,2
DA:52,1
DA:54,2
DA:55,4
DA:56,2
DA:57,2
DA:60,2
DA:61,4
DA:68,2
DA:69,2
DA:70,4
DA:73,4
DA:74,2
DA:76,0
DA:79,2
DA:84,2
DA:86,6
DA:87,2
DA:88,4
DA:89,4
DA:92,1
DA:93,0
DA:102,1
DA:107,3
DA:108,1
DA:112,1
DA:114,2
DA:117,1
DA:118,1
DA:121,2
DA:123,4
DA:125,2
DA:128,1
DA:129,2
DA:131,0
DA:132,0
DA:135,2
DA:136,1
DA:139,0
DA:141,0
DA:142,0
DA:143,0
LF:55
LH:45
end_of_record
SF:lib/features/camera_gallery/domain/camera_gallery_failure_mapper.dart
DA:6,1
DA:7,1
DA:8,1
DA:9,1
DA:12,1
DA:17,2
DA:21,2
DA:25,1
DA:26,0
DA:27,0
LF:10
LH:8
end_of_record
SF:lib/features/search/presentation/widgets/search_sync_banner.dart
DA:17,1
DA:19,1
DA:20,1
DA:26,1
DA:28,1
DA:29,1
DA:32,1
DA:33,2
DA:36,1
DA:38,1
DA:43,1
DA:48,3
DA:49,1
DA:50,1
DA:51,1
DA:52,1
DA:59,1
DA:60,3
DA:66,1
DA:67,1
DA:68,1
DA:69,1
DA:71,1
LF:23
LH:23
end_of_record
SF:lib/features/case_study_demo/data/case_study_clip_file_store_web.dart
DA:11,1
DA:18,2
DA:20,1
DA:21,3
DA:24,2
DA:25,1
DA:29,1
DA:30,1
DA:31,1
DA:33,1
DA:34,0
DA:39,1
DA:40,1
DA:41,2
DA:42,1
DA:43,1
DA:46,1
DA:47,1
DA:48,2
DA:52,2
DA:56,0
DA:57,0
DA:59,0
DA:64,0
DA:69,0
DA:70,0
DA:71,0
DA:74,0
DA:75,0
DA:76,0
DA:79,0
DA:82,0
DA:87,0
DA:89,1
DA:90,1
DA:91,1
DA:94,0
DA:101,0
DA:102,0
DA:103,0
DA:106,0
DA:109,0
DA:113,0
DA:115,0
DA:116,0
DA:119,0
DA:124,0
DA:125,0
DA:126,0
DA:127,0
DA:128,0
DA:129,0
DA:138,0
DA:144,0
DA:145,0
DA:146,0
DA:152,0
DA:156,0
DA:158,0
DA:159,0
DA:162,0
DA:163,0
DA:166,0
DA:168,0
DA:169,0
DA:172,0
DA:173,0
DA:174,0
DA:175,0
DA:176,0
DA:177,0
DA:178,0
DA:181,1
DA:183,2
DA:187,1
DA:191,1
DA:193,1
DA:195,1
DA:199,0
LF:79
LH:28
end_of_record
SF:lib/features/case_study_demo/domain/case_study_clip_bytes_memory.dart
DA:6,1
DA:8,3
DA:12,3
DA:14,1
DA:15,3
DA:18,1
DA:19,2
DA:20,0
DA:23,0
DA:24,0
DA:26,0
DA:28,0
DA:31,1
DA:32,1
DA:35,2
DA:38,0
DA:39,0
DA:42,0
DA:43,0
LF:19
LH:10
end_of_record
SF:lib/features/profile/presentation/widgets/profile_sync_banner.dart
DA:17,0
DA:19,1
DA:20,1
DA:27,1
DA:29,1
DA:30,1
DA:33,1
DA:34,2
DA:37,1
DA:38,1
DA:41,3
DA:43,1
DA:45,0
DA:51,1
DA:52,3
DA:57,1
DA:59,1
DA:64,1
DA:69,3
DA:70,1
DA:71,1
DA:72,1
DA:73,1
DA:74,1
DA:81,1
DA:82,3
DA:88,1
DA:89,1
DA:91,1
DA:93,2
DA:94,1
DA:95,0
DA:96,0
DA:97,0
DA:102,2
DA:105,1
DA:106,1
DA:107,1
DA:108,1
DA:110,1
LF:40
LH:35
end_of_record
SF:lib/features/native_platform_showcase/data/simulated_native_platform_info_repository.dart
DA:9,1
DA:15,1
DA:17,2
DA:18,1
LF:4
LH:4
end_of_record
SF:lib/app/utils/bloc/state_transition_validator.dart
DA:32,1
DA:33,1
DA:34,2
DA:56,1
DA:60,1
DA:61,2
DA:67,1
DA:69,1
DA:84,1
DA:86,1
DA:115,0
DA:117,0
DA:118,0
DA:120,0
DA:121,0
DA:123,0
LF:16
LH:10
end_of_record
SF:lib/app/utils/bloc/state_helpers.dart
DA:18,0
DA:21,2
DA:24,2
DA:27,2
DA:30,2
LF:5
LH:4
end_of_record
SF:lib/app/utils/platform_adaptive_sheets.part.dart
DA:4,1
DA:20,1
DA:22,1
DA:24,1
DA:25,1
DA:26,1
DA:27,1
DA:29,1
DA:30,1
DA:31,1
DA:32,2
DA:33,1
DA:35,3
DA:40,1
DA:41,1
DA:43,2
DA:44,1
DA:45,2
DA:46,2
DA:47,1
DA:48,1
DA:50,2
DA:51,1
DA:52,1
DA:65,1
DA:78,1
DA:80,1
DA:82,1
DA:83,1
DA:84,1
DA:86,0
DA:88,4
DA:90,1
DA:91,1
DA:93,2
DA:96,3
DA:106,0
DA:126,0
DA:128,0
DA:136,0
DA:138,0
DA:139,0
DA:140,0
DA:141,0
DA:143,0
DA:146,0
DA:148,0
DA:149,0
DA:152,0
DA:154,0
DA:155,0
DA:158,0
DA:159,0
DA:161,0
DA:162,0
DA:164,0
DA:165,0
DA:166,0
DA:167,0
DA:169,0
DA:171,0
DA:174,0
DA:175,0
DA:176,0
DA:178,0
DA:179,0
DA:180,0
DA:181,0
DA:185,0
DA:186,0
DA:187,0
DA:188,0
DA:189,0
DA:190,0
DA:191,0
DA:192,0
DA:193,0
DA:198,0
DA:201,0
DA:203,0
DA:204,0
DA:205,0
DA:206,0
DA:208,0
DA:209,0
DA:210,0
LF:86
LH:35
end_of_record
SF:lib/app/utils/platform_adaptive_sheets.dart
DA:12,0
DA:14,1
DA:23,1
DA:24,0
DA:29,1
DA:40,1
DA:49,1
DA:50,0
DA:52,0
DA:59,0
DA:60,0
DA:61,0
DA:66,1
DA:68,2
LF:14
LH:7
end_of_record
SF:lib/app/utils/bloc_lint_helpers.dart
DA:23,0
DA:31,1
DA:65,1
DA:70,2
DA:72,1
DA:73,1
DA:99,1
DA:104,2
DA:106,1
DA:108,2
DA:133,1
LF:11
LH:10
end_of_record
SF:lib/app/widgets/common_search_field.dart
DA:7,1
DA:24,1
DA:26,1
DA:27,1
DA:28,1
DA:29,2
DA:30,1
DA:31,1
DA:32,1
DA:34,3
DA:35,0
DA:37,0
DA:38,0
DA:39,0
LF:14
LH:10
end_of_record
SF:lib/app/widgets/sync_status_banner.dart
DA:19,1
DA:21,1
DA:22,1
DA:28,1
DA:30,1
DA:31,1
DA:34,1
DA:35,2
DA:38,1
DA:40,1
DA:43,1
DA:44,2
DA:45,1
DA:46,1
DA:50,1
DA:51,1
DA:52,1
DA:53,1
DA:55,1
DA:56,2
DA:57,2
DA:59,1
DA:60,1
DA:62,1
DA:64,1
DA:66,2
DA:68,3
LF:27
LH:27
end_of_record
